{"databaseType":"sqlite","level":"info","message":"メトリクスコレクター初期化完了","service":"metrics-collector-sqlite","timestamp":"2025-11-21T03:40:11.542Z"}
{"databaseType":"sqlite","level":"info","message":"メトリクスコレクター起動開始","service":"metrics-collector-sqlite","timestamp":"2025-11-21T03:40:11.545Z"}
{"dbPath":"/mnt/Linux-ExHDD/PersonalCookingRecipe/backend/data/test-monitoring-collector.db","level":"info","message":"SQLite初期化開始","service":"metrics-collector-sqlite","timestamp":"2025-11-21T03:40:11.545Z"}
{"level":"info","message":"SQLite初期化完了","service":"metrics-collector-sqlite","timestamp":"2025-11-21T03:40:13.303Z"}
{"level":"info","message":"定期収集スケジュール開始","service":"metrics-collector-sqlite","timestamp":"2025-11-21T03:40:13.342Z"}
{"level":"info","message":"クリーンアップジョブ開始","service":"metrics-collector-sqlite","timestamp":"2025-11-21T03:40:13.352Z"}
{"level":"info","message":"メトリクスコレクター起動完了","service":"metrics-collector-sqlite","timestamp":"2025-11-21T03:40:13.352Z"}
{"level":"info","message":"メトリクスコレクターシャットダウン開始","service":"metrics-collector-sqlite","timestamp":"2025-11-21T03:40:23.357Z"}
{"level":"info","message":"メトリクスコレクターシャットダウン完了","service":"metrics-collector-sqlite","timestamp":"2025-11-21T03:40:23.436Z"}
{"databaseType":"sqlite","level":"info","message":"メトリクスコレクター初期化完了","service":"metrics-collector-sqlite","timestamp":"2025-11-21T03:41:23.927Z"}
{"databaseType":"sqlite","level":"info","message":"メトリクスコレクター起動開始","service":"metrics-collector-sqlite","timestamp":"2025-11-21T03:41:23.930Z"}
{"dbPath":"/mnt/Linux-ExHDD/PersonalCookingRecipe/backend/data/monitoring.db","level":"info","message":"SQLite初期化開始","service":"metrics-collector-sqlite","timestamp":"2025-11-21T03:41:23.930Z"}
{"level":"info","message":"SQLite初期化完了","service":"metrics-collector-sqlite","timestamp":"2025-11-21T03:41:46.994Z"}
{"level":"info","message":"Redis接続成功","service":"metrics-collector-sqlite","timestamp":"2025-11-21T03:41:47.019Z"}
{"level":"info","message":"定期収集スケジュール開始","service":"metrics-collector-sqlite","timestamp":"2025-11-21T03:41:47.056Z"}
{"level":"info","message":"クリーンアップジョブ開始","service":"metrics-collector-sqlite","timestamp":"2025-11-21T03:41:47.066Z"}
{"level":"info","message":"メトリクスコレクター起動完了","service":"metrics-collector-sqlite","timestamp":"2025-11-21T03:41:47.067Z"}
{"level":"info","message":"時間別メトリクス集約完了","service":"metrics-collector-sqlite","timestamp":"2025-11-21T04:00:00.017Z"}
{"level":"info","message":"時間別メトリクス集約完了","service":"metrics-collector-sqlite","timestamp":"2025-11-21T05:00:00.027Z"}
{"level":"info","message":"時間別メトリクス集約完了","service":"metrics-collector-sqlite","timestamp":"2025-11-21T06:00:00.054Z"}
