{"config":{"thresholds":{"cpu":85,"disk":85,"memory":90,"network":80},"updateInterval":10000},"level":"info","message":"ネイティブ監視システム初期化完了","service":"native-monitoring","timestamp":"2025-11-21T03:40:13.305Z"}
{"level":"info","message":"ネイティブ監視開始","service":"native-monitoring","timestamp":"2025-11-21T03:40:13.308Z"}
{"alerts":[{"message":"メモリ使用率が高い: 93.25%","severity":"warning","threshold":90,"timestamp":1763696413447,"type":"memory_high","value":93.24776128012954}],"level":"warn","message":"閾値アラート検出","service":"native-monitoring","timestamp":"2025-11-21T03:40:13.447Z"}
{"level":"info","message":"ネイティブ監視停止","service":"native-monitoring","timestamp":"2025-11-21T03:40:23.361Z"}
{"alerts":[{"message":"メモリ使用率が高い: 93.33%","severity":"warning","threshold":90,"timestamp":1763696423374,"type":"memory_high","value":93.32558871606612}],"level":"warn","message":"閾値アラート検出","service":"native-monitoring","timestamp":"2025-11-21T03:40:23.375Z"}
{"config":{"thresholds":{"cpu":85,"disk":85,"memory":90,"network":80},"updateInterval":10000},"level":"info","message":"ネイティブ監視システム初期化完了","service":"native-monitoring","timestamp":"2025-11-21T03:41:47.021Z"}
{"level":"info","message":"ネイティブ監視開始","service":"native-monitoring","timestamp":"2025-11-21T03:41:47.028Z"}
{"alerts":[{"message":"メモリ使用率が高い: 93.57%","severity":"warning","threshold":90,"timestamp":1763696507149,"type":"memory_high","value":93.56986243192586}],"level":"warn","message":"閾値アラート検出","service":"native-monitoring","timestamp":"2025-11-21T03:41:47.149Z"}
{"alerts":[{"message":"メモリ使用率が高い: 93.74%","severity":"warning","threshold":90,"timestamp":1763696517092,"type":"memory_high","value":93.74217685078864}],"level":"warn","message":"閾値アラート検出","service":"native-monitoring","timestamp":"2025-11-21T03:41:57.092Z"}
{"alerts":[{"message":"メモリ使用率が高い: 94.48%","severity":"warning","threshold":90,"timestamp":1763696557114,"type":"memory_high","value":94.48141316720864}],"level":"warn","message":"閾値アラート検出","service":"native-monitoring","timestamp":"2025-11-21T03:42:37.114Z"}
{"alerts":[{"message":"メモリ使用率が高い: 96.89%","severity":"warning","threshold":90,"timestamp":1763696567114,"type":"memory_high","value":96.89436206118877}],"level":"warn","message":"閾値アラート検出","service":"native-monitoring","timestamp":"2025-11-21T03:42:47.114Z"}
{"alerts":[{"message":"メモリ使用率が高い: 91.86%","severity":"warning","threshold":90,"timestamp":1763696587136,"type":"memory_high","value":91.85929993102451}],"level":"warn","message":"閾値アラート検出","service":"native-monitoring","timestamp":"2025-11-21T03:43:07.136Z"}
{"alerts":[{"message":"メモリ使用率が高い: 94.37%","severity":"warning","threshold":90,"timestamp":1763696667109,"type":"memory_high","value":94.36907311750848}],"level":"warn","message":"閾値アラート検出","service":"native-monitoring","timestamp":"2025-11-21T03:44:27.109Z"}
{"alerts":[{"message":"メモリ使用率が高い: 94.63%","severity":"warning","threshold":90,"timestamp":1763696697102,"type":"memory_high","value":94.63134909011522}],"level":"warn","message":"閾値アラート検出","service":"native-monitoring","timestamp":"2025-11-21T03:44:57.102Z"}
{"alerts":[{"message":"メモリ使用率が高い: 90.29%","severity":"warning","threshold":90,"timestamp":1763706897612,"type":"memory_high","value":90.29225818418894}],"level":"warn","message":"閾値アラート検出","service":"native-monitoring","timestamp":"2025-11-21T06:34:57.612Z"}
{"alerts":[{"message":"メモリ使用率が高い: 92.17%","severity":"warning","threshold":90,"timestamp":1763708397653,"type":"memory_high","value":92.16603451559756}],"level":"warn","message":"閾値アラート検出","service":"native-monitoring","timestamp":"2025-11-21T06:59:57.654Z"}
{"alerts":[{"message":"メモリ使用率が高い: 90.51%","severity":"warning","threshold":90,"timestamp":1763709547694,"type":"memory_high","value":90.51330799424524}],"level":"warn","message":"閾値アラート検出","service":"native-monitoring","timestamp":"2025-11-21T07:19:07.694Z"}
{"alerts":[{"message":"メモリ使用率が高い: 90.52%","severity":"warning","threshold":90,"timestamp":1763709557696,"type":"memory_high","value":90.51688855359824}],"level":"warn","message":"閾値アラート検出","service":"native-monitoring","timestamp":"2025-11-21T07:19:17.696Z"}
{"alerts":[{"message":"メモリ使用率が高い: 90.39%","severity":"warning","threshold":90,"timestamp":1763709567691,"type":"memory_high","value":90.39146951626145}],"level":"warn","message":"閾値アラート検出","service":"native-monitoring","timestamp":"2025-11-21T07:19:27.691Z"}
{"alerts":[{"message":"メモリ使用率が高い: 90.34%","severity":"warning","threshold":90,"timestamp":1763709577694,"type":"memory_high","value":90.33895464575089}],"level":"warn","message":"閾値アラート検出","service":"native-monitoring","timestamp":"2025-11-21T07:19:37.694Z"}
{"alerts":[{"message":"メモリ使用率が高い: 90.31%","severity":"warning","threshold":90,"timestamp":1763709587695,"type":"memory_high","value":90.30603339169977}],"level":"warn","message":"閾値アラート検出","service":"native-monitoring","timestamp":"2025-11-21T07:19:47.695Z"}
{"alerts":[{"message":"メモリ使用率が高い: 90.35%","severity":"warning","threshold":90,"timestamp":1763709597694,"type":"memory_high","value":90.34969632380987}],"level":"warn","message":"閾値アラート検出","service":"native-monitoring","timestamp":"2025-11-21T07:19:57.694Z"}
{"alerts":[{"message":"メモリ使用率が高い: 90.33%","severity":"warning","threshold":90,"timestamp":1763709607695,"type":"memory_high","value":90.32910810753016}],"level":"warn","message":"閾値アラート検出","service":"native-monitoring","timestamp":"2025-11-21T07:20:07.695Z"}
{"alerts":[{"message":"メモリ使用率が高い: 90.40%","severity":"warning","threshold":90,"timestamp":1763709617694,"type":"memory_high","value":90.40410093397895}],"level":"warn","message":"閾値アラート検出","service":"native-monitoring","timestamp":"2025-11-21T07:20:17.694Z"}
{"alerts":[{"message":"メモリ使用率が高い: 90.59%","severity":"warning","threshold":90,"timestamp":1763709627697,"type":"memory_high","value":90.5899419103975}],"level":"warn","message":"閾値アラート検出","service":"native-monitoring","timestamp":"2025-11-21T07:20:27.697Z"}
{"alerts":[{"message":"メモリ使用率が高い: 90.59%","severity":"warning","threshold":90,"timestamp":1763709637697,"type":"memory_high","value":90.59203057002007}],"level":"warn","message":"閾値アラート検出","service":"native-monitoring","timestamp":"2025-11-21T07:20:37.697Z"}
{"alerts":[{"message":"メモリ使用率が高い: 90.62%","severity":"warning","threshold":90,"timestamp":1763709647698,"type":"memory_high","value":90.62157018468227}],"level":"warn","message":"閾値アラート検出","service":"native-monitoring","timestamp":"2025-11-21T07:20:47.698Z"}
{"alerts":[{"message":"メモリ使用率が高い: 90.58%","severity":"warning","threshold":90,"timestamp":1763709657696,"type":"memory_high","value":90.57631589285971}],"level":"warn","message":"閾値アラート検出","service":"native-monitoring","timestamp":"2025-11-21T07:20:57.696Z"}
{"alerts":[{"message":"メモリ使用率が高い: 90.55%","severity":"warning","threshold":90,"timestamp":1763709667693,"type":"memory_high","value":90.5510033274337}],"level":"warn","message":"閾値アラート検出","service":"native-monitoring","timestamp":"2025-11-21T07:21:07.693Z"}
{"alerts":[{"message":"メモリ使用率が高い: 90.56%","severity":"warning","threshold":90,"timestamp":1763709677697,"type":"memory_high","value":90.55726930630144}],"level":"warn","message":"閾値アラート検出","service":"native-monitoring","timestamp":"2025-11-21T07:21:17.697Z"}
{"alerts":[{"message":"メモリ使用率が高い: 90.50%","severity":"warning","threshold":90,"timestamp":1763709687699,"type":"memory_high","value":90.50460524581784}],"level":"warn","message":"閾値アラート検出","service":"native-monitoring","timestamp":"2025-11-21T07:21:27.699Z"}
{"alerts":[{"message":"メモリ使用率が高い: 90.50%","severity":"warning","threshold":90,"timestamp":1763709697700,"type":"memory_high","value":90.49823980696806}],"level":"warn","message":"閾値アラート検出","service":"native-monitoring","timestamp":"2025-11-21T07:21:37.700Z"}
{"alerts":[{"message":"メモリ使用率が高い: 90.52%","severity":"warning","threshold":90,"timestamp":1763709707699,"type":"memory_high","value":90.5210658728434}],"level":"warn","message":"閾値アラート検出","service":"native-monitoring","timestamp":"2025-11-21T07:21:47.699Z"}
{"alerts":[{"message":"メモリ使用率が高い: 90.54%","severity":"warning","threshold":90,"timestamp":1763709717699,"type":"memory_high","value":90.54220111902426}],"level":"warn","message":"閾値アラート検出","service":"native-monitoring","timestamp":"2025-11-21T07:21:57.699Z"}
{"alerts":[{"message":"メモリ使用率が高い: 90.46%","severity":"warning","threshold":90,"timestamp":1763709727701,"type":"memory_high","value":90.45517363475012}],"level":"warn","message":"閾値アラート検出","service":"native-monitoring","timestamp":"2025-11-21T07:22:07.701Z"}
{"alerts":[{"message":"メモリ使用率が高い: 90.49%","severity":"warning","threshold":90,"timestamp":1763709737700,"type":"memory_high","value":90.49356518781278}],"level":"warn","message":"閾値アラート検出","service":"native-monitoring","timestamp":"2025-11-21T07:22:17.700Z"}
{"alerts":[{"message":"メモリ使用率が高い: 90.52%","severity":"warning","threshold":90,"timestamp":1763709747704,"type":"memory_high","value":90.51549611384985}],"level":"warn","message":"閾値アラート検出","service":"native-monitoring","timestamp":"2025-11-21T07:22:27.704Z"}
{"alerts":[{"message":"メモリ使用率が高い: 90.53%","severity":"warning","threshold":90,"timestamp":1763709757704,"type":"memory_high","value":90.53116106101919}],"level":"warn","message":"閾値アラート検出","service":"native-monitoring","timestamp":"2025-11-21T07:22:37.704Z"}
{"alerts":[{"message":"メモリ使用率が高い: 90.48%","severity":"warning","threshold":90,"timestamp":1763709767705,"type":"memory_high","value":90.47824835058053}],"level":"warn","message":"閾値アラート検出","service":"native-monitoring","timestamp":"2025-11-21T07:22:47.705Z"}
{"alerts":[{"message":"メモリ使用率が高い: 90.48%","severity":"warning","threshold":90,"timestamp":1763709777704,"type":"memory_high","value":90.47824835058053}],"level":"warn","message":"閾値アラート検出","service":"native-monitoring","timestamp":"2025-11-21T07:22:57.704Z"}
{"alerts":[{"message":"メモリ使用率が高い: 90.44%","severity":"warning","threshold":90,"timestamp":1763709787702,"type":"memory_high","value":90.44005571748193}],"level":"warn","message":"閾値アラート検出","service":"native-monitoring","timestamp":"2025-11-21T07:23:07.702Z"}
{"alerts":[{"message":"メモリ使用率が高い: 90.46%","severity":"warning","threshold":90,"timestamp":1763709797705,"type":"memory_high","value":90.46472179302476}],"level":"warn","message":"閾値アラート検出","service":"native-monitoring","timestamp":"2025-11-21T07:23:17.705Z"}
{"alerts":[{"message":"メモリ使用率が高い: 90.50%","severity":"warning","threshold":90,"timestamp":1763709807703,"type":"memory_high","value":90.49585276739941}],"level":"warn","message":"閾値アラート検出","service":"native-monitoring","timestamp":"2025-11-21T07:23:27.703Z"}
{"alerts":[{"message":"メモリ使用率が高い: 90.72%","severity":"warning","threshold":90,"timestamp":1763709817704,"type":"memory_high","value":90.72431234611676}],"level":"warn","message":"閾値アラート検出","service":"native-monitoring","timestamp":"2025-11-21T07:23:37.704Z"}
{"alerts":[{"message":"メモリ使用率が高い: 90.58%","severity":"warning","threshold":90,"timestamp":1763709827704,"type":"memory_high","value":90.57701211273391}],"level":"warn","message":"閾値アラート検出","service":"native-monitoring","timestamp":"2025-11-21T07:23:47.704Z"}
{"alerts":[{"message":"メモリ使用率が高い: 90.56%","severity":"warning","threshold":90,"timestamp":1763709837702,"type":"memory_high","value":90.56428123503439}],"level":"warn","message":"閾値アラート検出","service":"native-monitoring","timestamp":"2025-11-21T07:23:57.702Z"}
{"alerts":[{"message":"メモリ使用率が高い: 90.49%","severity":"warning","threshold":90,"timestamp":1763709847705,"type":"memory_high","value":90.49331653785771}],"level":"warn","message":"閾値アラート検出","service":"native-monitoring","timestamp":"2025-11-21T07:24:07.706Z"}
{"alerts":[{"message":"メモリ使用率が高い: 90.65%","severity":"warning","threshold":90,"timestamp":1763709857705,"type":"memory_high","value":90.64598761027004}],"level":"warn","message":"閾値アラート検出","service":"native-monitoring","timestamp":"2025-11-21T07:24:17.705Z"}
{"alerts":[{"message":"メモリ使用率が高い: 90.61%","severity":"warning","threshold":90,"timestamp":1763709867703,"type":"memory_high","value":90.61077877663227}],"level":"warn","message":"閾値アラート検出","service":"native-monitoring","timestamp":"2025-11-21T07:24:27.703Z"}
{"alerts":[{"message":"メモリ使用率が高い: 90.72%","severity":"warning","threshold":90,"timestamp":1763709877703,"type":"memory_high","value":90.72093070672781}],"level":"warn","message":"閾値アラート検出","service":"native-monitoring","timestamp":"2025-11-21T07:24:37.703Z"}
{"alerts":[{"message":"メモリ使用率が高い: 90.74%","severity":"warning","threshold":90,"timestamp":1763709887705,"type":"memory_high","value":90.73972864333103}],"level":"warn","message":"閾値アラート検出","service":"native-monitoring","timestamp":"2025-11-21T07:24:47.705Z"}
{"alerts":[{"message":"メモリ使用率が高い: 90.70%","severity":"warning","threshold":90,"timestamp":1763709897706,"type":"memory_high","value":90.7032268299269}],"level":"warn","message":"閾値アラート検出","service":"native-monitoring","timestamp":"2025-11-21T07:24:57.706Z"}
{"alerts":[{"message":"メモリ使用率が高い: 90.71%","severity":"warning","threshold":90,"timestamp":1763709907708,"type":"memory_high","value":90.70760306913613}],"level":"warn","message":"閾値アラート検出","service":"native-monitoring","timestamp":"2025-11-21T07:25:07.708Z"}
{"alerts":[{"message":"メモリ使用率が高い: 90.70%","severity":"warning","threshold":90,"timestamp":1763709917704,"type":"memory_high","value":90.70412196976517}],"level":"warn","message":"閾値アラート検出","service":"native-monitoring","timestamp":"2025-11-21T07:25:17.704Z"}
{"alerts":[{"message":"メモリ使用率が高い: 90.71%","severity":"warning","threshold":90,"timestamp":1763709927702,"type":"memory_high","value":90.7114820084352}],"level":"warn","message":"閾値アラート検出","service":"native-monitoring","timestamp":"2025-11-21T07:25:27.702Z"}
{"alerts":[{"message":"メモリ使用率が高い: 90.67%","severity":"warning","threshold":90,"timestamp":1763709937706,"type":"memory_high","value":90.66861475618131}],"level":"warn","message":"閾値アラート検出","service":"native-monitoring","timestamp":"2025-11-21T07:25:37.706Z"}
{"alerts":[{"message":"メモリ使用率が高い: 90.68%","severity":"warning","threshold":90,"timestamp":1763709947706,"type":"memory_high","value":90.67701912466264}],"level":"warn","message":"閾値アラート検出","service":"native-monitoring","timestamp":"2025-11-21T07:25:47.706Z"}
{"alerts":[{"message":"メモリ使用率が高い: 90.65%","severity":"warning","threshold":90,"timestamp":1763709957705,"type":"memory_high","value":90.64857356980276}],"level":"warn","message":"閾値アラート検出","service":"native-monitoring","timestamp":"2025-11-21T07:25:57.705Z"}
{"alerts":[{"message":"メモリ使用率が高い: 90.67%","severity":"warning","threshold":90,"timestamp":1763709967706,"type":"memory_high","value":90.67115098572302}],"level":"warn","message":"閾値アラート検出","service":"native-monitoring","timestamp":"2025-11-21T07:26:07.706Z"}
{"alerts":[{"message":"メモリ使用率が高い: 90.75%","severity":"warning","threshold":90,"timestamp":1763709977710,"type":"memory_high","value":90.7496746415338}],"level":"warn","message":"閾値アラート検出","service":"native-monitoring","timestamp":"2025-11-21T07:26:17.710Z"}
{"alerts":[{"message":"メモリ使用率が高い: 90.78%","severity":"warning","threshold":90,"timestamp":1763709987710,"type":"memory_high","value":90.77936344616903}],"level":"warn","message":"閾値アラート検出","service":"native-monitoring","timestamp":"2025-11-21T07:26:27.710Z"}
{"alerts":[{"message":"メモリ使用率が高い: 90.70%","severity":"warning","threshold":90,"timestamp":1763709997707,"type":"memory_high","value":90.70332628990894}],"level":"warn","message":"閾値アラート検出","service":"native-monitoring","timestamp":"2025-11-21T07:26:37.707Z"}
{"alerts":[{"message":"メモリ使用率が高い: 90.75%","severity":"warning","threshold":90,"timestamp":1763710007711,"type":"memory_high","value":90.75340439085983}],"level":"warn","message":"閾値アラート検出","service":"native-monitoring","timestamp":"2025-11-21T07:26:47.711Z"}
{"alerts":[{"message":"メモリ使用率が高い: 90.71%","severity":"warning","threshold":90,"timestamp":1763710017711,"type":"memory_high","value":90.7079014490822}],"level":"warn","message":"閾値アラート検出","service":"native-monitoring","timestamp":"2025-11-21T07:26:57.711Z"}
{"alerts":[{"message":"メモリ使用率が高い: 90.69%","severity":"warning","threshold":90,"timestamp":1763710027708,"type":"memory_high","value":90.68860621256886}],"level":"warn","message":"閾値アラート検出","service":"native-monitoring","timestamp":"2025-11-21T07:27:07.709Z"}
{"alerts":[{"message":"メモリ使用率が高い: 90.66%","severity":"warning","threshold":90,"timestamp":1763710037710,"type":"memory_high","value":90.65533684858063}],"level":"warn","message":"閾値アラート検出","service":"native-monitoring","timestamp":"2025-11-21T07:27:17.710Z"}
{"alerts":[{"message":"メモリ使用率が高い: 90.70%","severity":"warning","threshold":90,"timestamp":1763710047713,"type":"memory_high","value":90.7002927604571}],"level":"warn","message":"閾値アラート検出","service":"native-monitoring","timestamp":"2025-11-21T07:27:27.713Z"}
{"alerts":[{"message":"メモリ使用率が高い: 90.77%","severity":"warning","threshold":90,"timestamp":1763710057710,"type":"memory_high","value":90.77150610758885}],"level":"warn","message":"閾値アラート検出","service":"native-monitoring","timestamp":"2025-11-21T07:27:37.710Z"}
{"alerts":[{"message":"メモリ使用率が高い: 90.72%","severity":"warning","threshold":90,"timestamp":1763710067709,"type":"memory_high","value":90.72262152642229}],"level":"warn","message":"閾値アラート検出","service":"native-monitoring","timestamp":"2025-11-21T07:27:47.709Z"}
{"alerts":[{"message":"メモリ使用率が高い: 90.75%","severity":"warning","threshold":90,"timestamp":1763710077713,"type":"memory_high","value":90.74654165209992}],"level":"warn","message":"閾値アラート検出","service":"native-monitoring","timestamp":"2025-11-21T07:27:57.713Z"}
{"alerts":[{"message":"メモリ使用率が高い: 90.77%","severity":"warning","threshold":90,"timestamp":1763710087711,"type":"memory_high","value":90.76842284814599}],"level":"warn","message":"閾値アラート検出","service":"native-monitoring","timestamp":"2025-11-21T07:28:07.711Z"}
{"alerts":[{"message":"メモリ使用率が高い: 90.80%","severity":"warning","threshold":90,"timestamp":1763710097712,"type":"memory_high","value":90.7966197530508}],"level":"warn","message":"閾値アラート検出","service":"native-monitoring","timestamp":"2025-11-21T07:28:17.712Z"}
{"alerts":[{"message":"メモリ使用率が高い: 90.80%","severity":"warning","threshold":90,"timestamp":1763710107710,"type":"memory_high","value":90.8002003124038}],"level":"warn","message":"閾値アラート検出","service":"native-monitoring","timestamp":"2025-11-21T07:28:27.710Z"}
{"alerts":[{"message":"メモリ使用率が高い: 90.91%","severity":"warning","threshold":90,"timestamp":1763710117709,"type":"memory_high","value":90.91025278251732}],"level":"warn","message":"閾値アラート検出","service":"native-monitoring","timestamp":"2025-11-21T07:28:37.709Z"}
{"alerts":[{"message":"メモリ使用率が高い: 90.83%","severity":"warning","threshold":90,"timestamp":1763710127711,"type":"memory_high","value":90.83028695696714}],"level":"warn","message":"閾値アラート検出","service":"native-monitoring","timestamp":"2025-11-21T07:28:47.711Z"}
{"alerts":[{"message":"メモリ使用率が高い: 90.83%","severity":"warning","threshold":90,"timestamp":1763710137711,"type":"memory_high","value":90.82799937738051}],"level":"warn","message":"閾値アラート検出","service":"native-monitoring","timestamp":"2025-11-21T07:28:57.711Z"}
{"alerts":[{"message":"メモリ使用率が高い: 90.79%","severity":"warning","threshold":90,"timestamp":1763710147730,"type":"memory_high","value":90.7850326651446}],"level":"warn","message":"閾値アラート検出","service":"native-monitoring","timestamp":"2025-11-21T07:29:07.730Z"}
{"alerts":[{"message":"メモリ使用率が高い: 90.83%","severity":"warning","threshold":90,"timestamp":1763710157711,"type":"memory_high","value":90.8300880370031}],"level":"warn","message":"閾値アラート検出","service":"native-monitoring","timestamp":"2025-11-21T07:29:17.711Z"}
{"alerts":[{"message":"メモリ使用率が高い: 90.72%","severity":"warning","threshold":90,"timestamp":1763710167712,"type":"memory_high","value":90.72038367682667}],"level":"warn","message":"閾値アラート検出","service":"native-monitoring","timestamp":"2025-11-21T07:29:27.712Z"}
{"alerts":[{"message":"メモリ使用率が高い: 90.86%","severity":"warning","threshold":90,"timestamp":1763710177708,"type":"memory_high","value":90.85913035175514}],"level":"warn","message":"閾値アラート検出","service":"native-monitoring","timestamp":"2025-11-21T07:29:37.708Z"}
{"alerts":[{"message":"メモリ使用率が高い: 90.81%","severity":"warning","threshold":90,"timestamp":1763710187715,"type":"memory_high","value":90.81417443987868}],"level":"warn","message":"閾値アラート検出","service":"native-monitoring","timestamp":"2025-11-21T07:29:47.715Z"}
{"alerts":[{"message":"メモリ使用率が高い: 90.78%","severity":"warning","threshold":90,"timestamp":1763710197711,"type":"memory_high","value":90.77642937669921}],"level":"warn","message":"閾値アラート検出","service":"native-monitoring","timestamp":"2025-11-21T07:29:57.711Z"}
{"alerts":[{"message":"メモリ使用率が高い: 90.75%","severity":"warning","threshold":90,"timestamp":1763710207709,"type":"memory_high","value":90.74763571190223}],"level":"warn","message":"閾値アラート検出","service":"native-monitoring","timestamp":"2025-11-21T07:30:07.709Z"}
{"alerts":[{"message":"メモリ使用率が高い: 90.81%","severity":"warning","threshold":90,"timestamp":1763710217715,"type":"memory_high","value":90.811737670319}],"level":"warn","message":"閾値アラート検出","service":"native-monitoring","timestamp":"2025-11-21T07:30:17.715Z"}
{"alerts":[{"message":"メモリ使用率が高い: 90.78%","severity":"warning","threshold":90,"timestamp":1763710227715,"type":"memory_high","value":90.78329211545912}],"level":"warn","message":"閾値アラート検出","service":"native-monitoring","timestamp":"2025-11-21T07:30:27.715Z"}
{"alerts":[{"message":"メモリ使用率が高い: 90.79%","severity":"warning","threshold":90,"timestamp":1763710827738,"type":"memory_high","value":90.79398406352708}],"level":"warn","message":"閾値アラート検出","service":"native-monitoring","timestamp":"2025-11-21T07:40:27.739Z"}
{"alerts":[{"message":"メモリ使用率が高い: 90.66%","severity":"warning","threshold":90,"timestamp":1763710837737,"type":"memory_high","value":90.65876821796058}],"level":"warn","message":"閾値アラート検出","service":"native-monitoring","timestamp":"2025-11-21T07:40:37.737Z"}
{"alerts":[{"message":"メモリ使用率が高い: 90.69%","severity":"warning","threshold":90,"timestamp":1763710847737,"type":"memory_high","value":90.69497165141863}],"level":"warn","message":"閾値アラート検出","service":"native-monitoring","timestamp":"2025-11-21T07:40:47.737Z"}
{"alerts":[{"message":"メモリ使用率が高い: 90.71%","severity":"warning","threshold":90,"timestamp":1763710857739,"type":"memory_high","value":90.70596197943267}],"level":"warn","message":"閾値アラート検出","service":"native-monitoring","timestamp":"2025-11-21T07:40:57.739Z"}
{"alerts":[{"message":"メモリ使用率が高い: 90.67%","severity":"warning","threshold":90,"timestamp":1763710867739,"type":"memory_high","value":90.66543203675643}],"level":"warn","message":"閾値アラート検出","service":"native-monitoring","timestamp":"2025-11-21T07:41:07.739Z"}
{"alerts":[{"message":"メモリ使用率が高い: 90.87%","severity":"warning","threshold":90,"timestamp":1763710877737,"type":"memory_high","value":90.87270663930191}],"level":"warn","message":"閾値アラート検出","service":"native-monitoring","timestamp":"2025-11-21T07:41:17.738Z"}
{"alerts":[{"message":"メモリ使用率が高い: 90.71%","severity":"warning","threshold":90,"timestamp":1763710887738,"type":"memory_high","value":90.71337174809373}],"level":"warn","message":"閾値アラート検出","service":"native-monitoring","timestamp":"2025-11-21T07:41:27.738Z"}
{"alerts":[{"message":"メモリ使用率が高い: 90.72%","severity":"warning","threshold":90,"timestamp":1763710897737,"type":"memory_high","value":90.72336747628749}],"level":"warn","message":"閾値アラート検出","service":"native-monitoring","timestamp":"2025-11-21T07:41:37.737Z"}
{"alerts":[{"message":"メモリ使用率が高い: 90.67%","severity":"warning","threshold":90,"timestamp":1763710907741,"type":"memory_high","value":90.67080287578591}],"level":"warn","message":"閾値アラート検出","service":"native-monitoring","timestamp":"2025-11-21T07:41:47.741Z"}
{"alerts":[{"message":"メモリ使用率が高い: 90.68%","severity":"warning","threshold":90,"timestamp":1763710917737,"type":"memory_high","value":90.67831210442901}],"level":"warn","message":"閾値アラート検出","service":"native-monitoring","timestamp":"2025-11-21T07:41:57.737Z"}
{"alerts":[{"message":"メモリ使用率が高い: 90.74%","severity":"warning","threshold":90,"timestamp":1763710927737,"type":"memory_high","value":90.7363967339331}],"level":"warn","message":"閾値アラート検出","service":"native-monitoring","timestamp":"2025-11-21T07:42:07.737Z"}
{"alerts":[{"message":"メモリ使用率が高い: 90.70%","severity":"warning","threshold":90,"timestamp":1763710937735,"type":"memory_high","value":90.70103871032231}],"level":"warn","message":"閾値アラート検出","service":"native-monitoring","timestamp":"2025-11-21T07:42:17.735Z"}
{"alerts":[{"message":"メモリ使用率が高い: 90.71%","severity":"warning","threshold":90,"timestamp":1763710947740,"type":"memory_high","value":90.7103879486329}],"level":"warn","message":"閾値アラート検出","service":"native-monitoring","timestamp":"2025-11-21T07:42:27.740Z"}
{"alerts":[{"message":"メモリ使用率が高い: 90.71%","severity":"warning","threshold":90,"timestamp":1763710957740,"type":"memory_high","value":90.71347120807576}],"level":"warn","message":"閾値アラート検出","service":"native-monitoring","timestamp":"2025-11-21T07:42:37.740Z"}
{"alerts":[{"message":"メモリ使用率が高い: 90.74%","severity":"warning","threshold":90,"timestamp":1763710967741,"type":"memory_high","value":90.73624754396008}],"level":"warn","message":"閾値アラート検出","service":"native-monitoring","timestamp":"2025-11-21T07:42:47.741Z"}
{"alerts":[{"message":"メモリ使用率が高い: 90.76%","severity":"warning","threshold":90,"timestamp":1763710977740,"type":"memory_high","value":90.76131145943101}],"level":"warn","message":"閾値アラート検出","service":"native-monitoring","timestamp":"2025-11-21T07:42:57.740Z"}
{"alerts":[{"message":"メモリ使用率が高い: 90.64%","severity":"warning","threshold":90,"timestamp":1763710987739,"type":"memory_high","value":90.63633999201336}],"level":"warn","message":"閾値アラート検出","service":"native-monitoring","timestamp":"2025-11-21T07:43:07.739Z"}
{"alerts":[{"message":"メモリ使用率が高い: 90.66%","severity":"warning","threshold":90,"timestamp":1763710997739,"type":"memory_high","value":90.65851956800552}],"level":"warn","message":"閾値アラート検出","service":"native-monitoring","timestamp":"2025-11-21T07:43:17.739Z"}
{"alerts":[{"message":"メモリ使用率が高い: 90.70%","severity":"warning","threshold":90,"timestamp":1763711007738,"type":"memory_high","value":90.69616517120296}],"level":"warn","message":"閾値アラート検出","service":"native-monitoring","timestamp":"2025-11-21T07:43:27.739Z"}
{"alerts":[{"message":"メモリ使用率が高い: 90.71%","severity":"warning","threshold":90,"timestamp":1763711017745,"type":"memory_high","value":90.71183011837229}],"level":"warn","message":"閾値アラート検出","service":"native-monitoring","timestamp":"2025-11-21T07:43:37.745Z"}
{"alerts":[{"message":"メモリ使用率が高い: 90.76%","severity":"warning","threshold":90,"timestamp":1763711027740,"type":"memory_high","value":90.75857630992526}],"level":"warn","message":"閾値アラート検出","service":"native-monitoring","timestamp":"2025-11-21T07:43:47.740Z"}
{"alerts":[{"message":"メモリ使用率が高い: 90.76%","severity":"warning","threshold":90,"timestamp":1763711037740,"type":"memory_high","value":90.76459363883794}],"level":"warn","message":"閾値アラート検出","service":"native-monitoring","timestamp":"2025-11-21T07:43:57.740Z"}
{"alerts":[{"message":"メモリ使用率が高い: 90.66%","severity":"warning","threshold":90,"timestamp":1763711047743,"type":"memory_high","value":90.66219958734052}],"level":"warn","message":"閾値アラート検出","service":"native-monitoring","timestamp":"2025-11-21T07:44:07.743Z"}
{"alerts":[{"message":"メモリ使用率が高い: 90.79%","severity":"warning","threshold":90,"timestamp":1763711057748,"type":"memory_high","value":90.79398406352708}],"level":"warn","message":"閾値アラート検出","service":"native-monitoring","timestamp":"2025-11-21T07:44:17.748Z"}
{"alerts":[{"message":"メモリ使用率が高い: 90.77%","severity":"warning","threshold":90,"timestamp":1763711067741,"type":"memory_high","value":90.76966609792133}],"level":"warn","message":"閾値アラート検出","service":"native-monitoring","timestamp":"2025-11-21T07:44:27.741Z"}
{"alerts":[{"message":"メモリ使用率が高い: 90.76%","severity":"warning","threshold":90,"timestamp":1763711077743,"type":"memory_high","value":90.76479255880199}],"level":"warn","message":"閾値アラート検出","service":"native-monitoring","timestamp":"2025-11-21T07:44:37.743Z"}
{"alerts":[{"message":"メモリ使用率が高い: 90.76%","severity":"warning","threshold":90,"timestamp":1763711087743,"type":"memory_high","value":90.76156010938608}],"level":"warn","message":"閾値アラート検出","service":"native-monitoring","timestamp":"2025-11-21T07:44:47.743Z"}
{"alerts":[{"message":"メモリ使用率が高い: 90.80%","severity":"warning","threshold":90,"timestamp":1763711097743,"type":"memory_high","value":90.80243816199942}],"level":"warn","message":"閾値アラート検出","service":"native-monitoring","timestamp":"2025-11-21T07:44:57.743Z"}
{"alerts":[{"message":"メモリ使用率が高い: 90.79%","severity":"warning","threshold":90,"timestamp":1763711107740,"type":"memory_high","value":90.78632564491096}],"level":"warn","message":"閾値アラート検出","service":"native-monitoring","timestamp":"2025-11-21T07:45:07.740Z"}
{"alerts":[{"message":"メモリ使用率が高い: 90.87%","severity":"warning","threshold":90,"timestamp":1763711117745,"type":"memory_high","value":90.86773364020053}],"level":"warn","message":"閾値アラート検出","service":"native-monitoring","timestamp":"2025-11-21T07:45:17.745Z"}
{"alerts":[{"message":"メモリ使用率が高い: 90.86%","severity":"warning","threshold":90,"timestamp":1763711127745,"type":"memory_high","value":90.86355632095537}],"level":"warn","message":"閾値アラート検出","service":"native-monitoring","timestamp":"2025-11-21T07:45:27.746Z"}
{"alerts":[{"message":"メモリ使用率が高い: 90.86%","severity":"warning","threshold":90,"timestamp":1763711137745,"type":"memory_high","value":90.86176604127888}],"level":"warn","message":"閾値アラート検出","service":"native-monitoring","timestamp":"2025-11-21T07:45:37.745Z"}
{"alerts":[{"message":"メモリ使用率が高い: 90.90%","severity":"warning","threshold":90,"timestamp":1763711147750,"type":"memory_high","value":90.89558243516825}],"level":"warn","message":"閾値アラート検出","service":"native-monitoring","timestamp":"2025-11-21T07:45:47.750Z"}
{"alerts":[{"message":"メモリ使用率が高い: 90.83%","severity":"warning","threshold":90,"timestamp":1763711157741,"type":"memory_high","value":90.82700477756023}],"level":"warn","message":"閾値アラート検出","service":"native-monitoring","timestamp":"2025-11-21T07:45:57.742Z"}
{"alerts":[{"message":"メモリ使用率が高い: 90.85%","severity":"warning","threshold":90,"timestamp":1763711167744,"type":"memory_high","value":90.85201896304017}],"level":"warn","message":"閾値アラート検出","service":"native-monitoring","timestamp":"2025-11-21T07:46:07.744Z"}
{"alerts":[{"message":"メモリ使用率が高い: 90.87%","severity":"warning","threshold":90,"timestamp":1763711177743,"type":"memory_high","value":90.87394988907725}],"level":"warn","message":"閾値アラート検出","service":"native-monitoring","timestamp":"2025-11-21T07:46:17.743Z"}
{"alerts":[{"message":"メモリ使用率が高い: 90.94%","severity":"warning","threshold":90,"timestamp":1763711187740,"type":"memory_high","value":90.93745508760188}],"level":"warn","message":"閾値アラート検出","service":"native-monitoring","timestamp":"2025-11-21T07:46:27.740Z"}
{"alerts":[{"message":"メモリ使用率が高い: 90.94%","severity":"warning","threshold":90,"timestamp":1763711197743,"type":"memory_high","value":90.9437210664696}],"level":"warn","message":"閾値アラート検出","service":"native-monitoring","timestamp":"2025-11-21T07:46:37.743Z"}
{"alerts":[{"message":"メモリ使用率が高い: 90.88%","severity":"warning","threshold":90,"timestamp":1763711207746,"type":"memory_high","value":90.88101154780122}],"level":"warn","message":"閾値アラート検出","service":"native-monitoring","timestamp":"2025-11-21T07:46:47.746Z"}
{"alerts":[{"message":"メモリ使用率が高い: 90.90%","severity":"warning","threshold":90,"timestamp":1763711217744,"type":"memory_high","value":90.89667649497055}],"level":"warn","message":"閾値アラート検出","service":"native-monitoring","timestamp":"2025-11-21T07:46:57.744Z"}
{"alerts":[{"message":"メモリ使用率が高い: 90.87%","severity":"warning","threshold":90,"timestamp":1763711227746,"type":"memory_high","value":90.86554552059593}],"level":"warn","message":"閾値アラート検出","service":"native-monitoring","timestamp":"2025-11-21T07:47:07.746Z"}
{"alerts":[{"message":"メモリ使用率が高い: 90.90%","severity":"warning","threshold":90,"timestamp":1763711237746,"type":"memory_high","value":90.90289274384729}],"level":"warn","message":"閾値アラート検出","service":"native-monitoring","timestamp":"2025-11-21T07:47:17.746Z"}
{"alerts":[{"message":"メモリ使用率が高い: 90.94%","severity":"warning","threshold":90,"timestamp":1763711247743,"type":"memory_high","value":90.9404886170537}],"level":"warn","message":"閾値アラート検出","service":"native-monitoring","timestamp":"2025-11-21T07:47:27.743Z"}
{"alerts":[{"message":"メモリ使用率が高い: 90.92%","severity":"warning","threshold":90,"timestamp":1763711257745,"type":"memory_high","value":90.92313285018989}],"level":"warn","message":"閾値アラート検出","service":"native-monitoring","timestamp":"2025-11-21T07:47:37.745Z"}
{"alerts":[{"message":"メモリ使用率が高い: 90.88%","severity":"warning","threshold":90,"timestamp":1763711267758,"type":"memory_high","value":90.87678449856504}],"level":"warn","message":"閾値アラート検出","service":"native-monitoring","timestamp":"2025-11-21T07:47:47.758Z"}
{"alerts":[{"message":"メモリ使用率が高い: 90.92%","severity":"warning","threshold":90,"timestamp":1763711277745,"type":"memory_high","value":90.92363015010004}],"level":"warn","message":"閾値アラート検出","service":"native-monitoring","timestamp":"2025-11-21T07:47:57.745Z"}
{"alerts":[{"message":"メモリ使用率が高い: 90.94%","severity":"warning","threshold":90,"timestamp":1763711287747,"type":"memory_high","value":90.93919563728736}],"level":"warn","message":"閾値アラート検出","service":"native-monitoring","timestamp":"2025-11-21T07:48:07.747Z"}
{"alerts":[{"message":"メモリ使用率が高い: 90.88%","severity":"warning","threshold":90,"timestamp":1763711297749,"type":"memory_high","value":90.87743098844821}],"level":"warn","message":"閾値アラート検出","service":"native-monitoring","timestamp":"2025-11-21T07:48:17.749Z"}
{"alerts":[{"message":"メモリ使用率が高い: 90.88%","severity":"warning","threshold":90,"timestamp":1763711307746,"type":"memory_high","value":90.88220506758555}],"level":"warn","message":"閾値アラート検出","service":"native-monitoring","timestamp":"2025-11-21T07:48:27.746Z"}
{"alerts":[{"message":"メモリ使用率が高い: 90.89%","severity":"warning","threshold":90,"timestamp":1763711317746,"type":"memory_high","value":90.88906780634545}],"level":"warn","message":"閾値アラート検出","service":"native-monitoring","timestamp":"2025-11-21T07:48:37.746Z"}
{"alerts":[{"message":"メモリ使用率が高い: 90.83%","severity":"warning","threshold":90,"timestamp":1763711327747,"type":"memory_high","value":90.83088371685932}],"level":"warn","message":"閾値アラート検出","service":"native-monitoring","timestamp":"2025-11-21T07:48:47.747Z"}
{"alerts":[{"message":"メモリ使用率が高い: 90.95%","severity":"warning","threshold":90,"timestamp":1763711337747,"type":"memory_high","value":90.94610810603827}],"level":"warn","message":"閾値アラート検出","service":"native-monitoring","timestamp":"2025-11-21T07:48:57.747Z"}
{"alerts":[{"message":"メモリ使用率が高い: 90.91%","severity":"warning","threshold":90,"timestamp":1763711347746,"type":"memory_high","value":90.90523005342493}],"level":"warn","message":"閾値アラート検出","service":"native-monitoring","timestamp":"2025-11-21T07:49:07.746Z"}
{"alerts":[{"message":"メモリ使用率が高い: 90.93%","severity":"warning","threshold":90,"timestamp":1763711357748,"type":"memory_high","value":90.92919990909357}],"level":"warn","message":"閾値アラート検出","service":"native-monitoring","timestamp":"2025-11-21T07:49:17.748Z"}
{"alerts":[{"message":"メモリ使用率が高い: 90.93%","severity":"warning","threshold":90,"timestamp":1763711367749,"type":"memory_high","value":90.93019450891386}],"level":"warn","message":"閾値アラート検出","service":"native-monitoring","timestamp":"2025-11-21T07:49:27.749Z"}
{"alerts":[{"message":"メモリ使用率が高い: 90.98%","severity":"warning","threshold":90,"timestamp":1763711377747,"type":"memory_high","value":90.97534934075438}],"level":"warn","message":"閾値アラート検出","service":"native-monitoring","timestamp":"2025-11-21T07:49:37.747Z"}
{"alerts":[{"message":"メモリ使用率が高い: 90.92%","severity":"warning","threshold":90,"timestamp":1763711387748,"type":"memory_high","value":90.92382907006409}],"level":"warn","message":"閾値アラート検出","service":"native-monitoring","timestamp":"2025-11-21T07:49:47.748Z"}
{"alerts":[{"message":"メモリ使用率が高い: 90.47%","severity":"warning","threshold":90,"timestamp":1763711527750,"type":"memory_high","value":90.47093804190149}],"level":"warn","message":"閾値アラート検出","service":"native-monitoring","timestamp":"2025-11-21T07:52:07.750Z"}
{"alerts":[{"message":"メモリ使用率が高い: 90.52%","severity":"warning","threshold":90,"timestamp":1763711537752,"type":"memory_high","value":90.52031992297819}],"level":"warn","message":"閾値アラート検出","service":"native-monitoring","timestamp":"2025-11-21T07:52:17.752Z"}
{"alerts":[{"message":"メモリ使用率が高い: 90.48%","severity":"warning","threshold":90,"timestamp":1763711547752,"type":"memory_high","value":90.4828732397448}],"level":"warn","message":"閾値アラート検出","service":"native-monitoring","timestamp":"2025-11-21T07:52:27.752Z"}
{"alerts":[{"message":"メモリ使用率が高い: 90.50%","severity":"warning","threshold":90,"timestamp":1763711557753,"type":"memory_high","value":90.50072630651876}],"level":"warn","message":"閾値アラート検出","service":"native-monitoring","timestamp":"2025-11-21T07:52:37.753Z"}
{"alerts":[{"message":"メモリ使用率が高い: 90.54%","severity":"warning","threshold":90,"timestamp":1763711567753,"type":"memory_high","value":90.53832217972518}],"level":"warn","message":"閾値アラート検出","service":"native-monitoring","timestamp":"2025-11-21T07:52:47.753Z"}
{"alerts":[{"message":"メモリ使用率が高い: 90.56%","severity":"warning","threshold":90,"timestamp":1763711577752,"type":"memory_high","value":90.56020337577125}],"level":"warn","message":"閾値アラート検出","service":"native-monitoring","timestamp":"2025-11-21T07:52:57.752Z"}
{"alerts":[{"message":"メモリ使用率が高い: 90.59%","severity":"warning","threshold":90,"timestamp":1763711587755,"type":"memory_high","value":90.58904677055925}],"level":"warn","message":"閾値アラート検出","service":"native-monitoring","timestamp":"2025-11-21T07:53:07.755Z"}
{"alerts":[{"message":"メモリ使用率が高い: 90.64%","severity":"warning","threshold":90,"timestamp":1763711597754,"type":"memory_high","value":90.63589242209424}],"level":"warn","message":"閾値アラート検出","service":"native-monitoring","timestamp":"2025-11-21T07:53:17.754Z"}
{"alerts":[{"message":"メモリ使用率が高い: 90.62%","severity":"warning","threshold":90,"timestamp":1763711607754,"type":"memory_high","value":90.61963071503273}],"level":"warn","message":"閾値アラート検出","service":"native-monitoring","timestamp":"2025-11-21T07:53:27.754Z"}
{"alerts":[{"message":"メモリ使用率が高い: 90.65%","severity":"warning","threshold":90,"timestamp":1763711617754,"type":"memory_high","value":90.6491205997039}],"level":"warn","message":"閾値アラート検出","service":"native-monitoring","timestamp":"2025-11-21T07:53:37.754Z"}
{"alerts":[{"message":"メモリ使用率が高い: 90.64%","severity":"warning","threshold":90,"timestamp":1763711627754,"type":"memory_high","value":90.63882649156405}],"level":"warn","message":"閾値アラート検出","service":"native-monitoring","timestamp":"2025-11-21T07:53:47.754Z"}
{"alerts":[{"message":"メモリ使用率が高い: 90.68%","severity":"warning","threshold":90,"timestamp":1763711637758,"type":"memory_high","value":90.68268834363822}],"level":"warn","message":"閾値アラート検出","service":"native-monitoring","timestamp":"2025-11-21T07:53:57.758Z"}
{"alerts":[{"message":"メモリ使用率が高い: 90.68%","severity":"warning","threshold":90,"timestamp":1763711647755,"type":"memory_high","value":90.67637263477947}],"level":"warn","message":"閾値アラート検出","service":"native-monitoring","timestamp":"2025-11-21T07:54:07.755Z"}
{"alerts":[{"message":"メモリ使用率が高い: 90.71%","severity":"warning","threshold":90,"timestamp":1763711657757,"type":"memory_high","value":90.70770252911815}],"level":"warn","message":"閾値アラート検出","service":"native-monitoring","timestamp":"2025-11-21T07:54:17.757Z"}
{"alerts":[{"message":"メモリ使用率が高い: 90.63%","severity":"warning","threshold":90,"timestamp":1763711667757,"type":"memory_high","value":90.63236159273225}],"level":"warn","message":"閾値アラート検出","service":"native-monitoring","timestamp":"2025-11-21T07:54:27.757Z"}
{"alerts":[{"message":"メモリ使用率が高い: 90.61%","severity":"warning","threshold":90,"timestamp":1763711677760,"type":"memory_high","value":90.60854092703666}],"level":"warn","message":"閾値アラート検出","service":"native-monitoring","timestamp":"2025-11-21T07:54:37.760Z"}
{"alerts":[{"message":"メモリ使用率が高い: 90.62%","severity":"warning","threshold":90,"timestamp":1763711687756,"type":"memory_high","value":90.62087396480808}],"level":"warn","message":"閾値アラート検出","service":"native-monitoring","timestamp":"2025-11-21T07:54:47.757Z"}
{"alerts":[{"message":"メモリ使用率が高い: 90.63%","severity":"warning","threshold":90,"timestamp":1763711697760,"type":"memory_high","value":90.63231186274125}],"level":"warn","message":"閾値アラート検出","service":"native-monitoring","timestamp":"2025-11-21T07:54:57.760Z"}
{"alerts":[{"message":"メモリ使用率が高い: 90.69%","severity":"warning","threshold":90,"timestamp":1763711707759,"type":"memory_high","value":90.6851748431889}],"level":"warn","message":"閾値アラート検出","service":"native-monitoring","timestamp":"2025-11-21T07:55:07.759Z"}
{"alerts":[{"message":"メモリ使用率が高い: 90.68%","severity":"warning","threshold":90,"timestamp":1763711717764,"type":"memory_high","value":90.68278780362024}],"level":"warn","message":"閾値アラート検出","service":"native-monitoring","timestamp":"2025-11-21T07:55:17.764Z"}
{"alerts":[{"message":"メモリ使用率が高い: 90.72%","severity":"warning","threshold":90,"timestamp":1763711727762,"type":"memory_high","value":90.71660419750962}],"level":"warn","message":"閾値アラート検出","service":"native-monitoring","timestamp":"2025-11-21T07:55:27.762Z"}
{"alerts":[{"message":"メモリ使用率が高い: 93.03%","severity":"warning","threshold":90,"timestamp":1763711737762,"type":"memory_high","value":93.0323309590578}],"level":"warn","message":"閾値アラート検出","service":"native-monitoring","timestamp":"2025-11-21T07:55:37.762Z"}
{"alerts":[{"message":"メモリ使用率が高い: 93.06%","severity":"warning","threshold":90,"timestamp":1763711747762,"type":"memory_high","value":93.05679811463659}],"level":"warn","message":"閾値アラート検出","service":"native-monitoring","timestamp":"2025-11-21T07:55:47.762Z"}
{"alerts":[{"message":"メモリ使用率が高い: 92.93%","severity":"warning","threshold":90,"timestamp":1763711757760,"type":"memory_high","value":92.92759959798276}],"level":"warn","message":"閾値アラート検出","service":"native-monitoring","timestamp":"2025-11-21T07:55:57.760Z"}
{"alerts":[{"message":"メモリ使用率が高い: 92.87%","severity":"warning","threshold":90,"timestamp":1763711767762,"type":"memory_high","value":92.86583494914362}],"level":"warn","message":"閾値アラート検出","service":"native-monitoring","timestamp":"2025-11-21T07:56:07.762Z"}
{"alerts":[{"message":"メモリ使用率が高い: 92.82%","severity":"warning","threshold":90,"timestamp":1763711777762,"type":"memory_high","value":92.82077957728512}],"level":"warn","message":"閾値アラート検出","service":"native-monitoring","timestamp":"2025-11-21T07:56:17.762Z"}
{"alerts":[{"message":"メモリ使用率が高い: 92.76%","severity":"warning","threshold":90,"timestamp":1763711787761,"type":"memory_high","value":92.75951222835614}],"level":"warn","message":"閾値アラート検出","service":"native-monitoring","timestamp":"2025-11-21T07:56:27.761Z"}
{"alerts":[{"message":"メモリ使用率が高い: 92.79%","severity":"warning","threshold":90,"timestamp":1763711797762,"type":"memory_high","value":92.78795778321603}],"level":"warn","message":"閾値アラート検出","service":"native-monitoring","timestamp":"2025-11-21T07:56:37.762Z"}
{"alerts":[{"message":"メモリ使用率が高い: 92.83%","severity":"warning","threshold":90,"timestamp":1763711807763,"type":"memory_high","value":92.83167044531714}],"level":"warn","message":"閾値アラート検出","service":"native-monitoring","timestamp":"2025-11-21T07:56:47.763Z"}
{"alerts":[{"message":"メモリ使用率が高い: 92.82%","severity":"warning","threshold":90,"timestamp":1763711817763,"type":"memory_high","value":92.8206801173031}],"level":"warn","message":"閾値アラート検出","service":"native-monitoring","timestamp":"2025-11-21T07:56:57.763Z"}
{"alerts":[{"message":"メモリ使用率が高い: 92.80%","severity":"warning","threshold":90,"timestamp":1763711827760,"type":"memory_high","value":92.79934595115819}],"level":"warn","message":"閾値アラート検出","service":"native-monitoring","timestamp":"2025-11-21T07:57:07.760Z"}
{"alerts":[{"message":"メモリ使用率が高い: 92.82%","severity":"warning","threshold":90,"timestamp":1763711837763,"type":"memory_high","value":92.8177957778243}],"level":"warn","message":"閾値アラート検出","service":"native-monitoring","timestamp":"2025-11-21T07:57:17.763Z"}
{"alerts":[{"message":"メモリ使用率が高い: 92.74%","severity":"warning","threshold":90,"timestamp":1763711847763,"type":"memory_high","value":92.7369845424269}],"level":"warn","message":"閾値アラート検出","service":"native-monitoring","timestamp":"2025-11-21T07:57:27.763Z"}
{"alerts":[{"message":"メモリ使用率が高い: 92.77%","severity":"warning","threshold":90,"timestamp":1763711857764,"type":"memory_high","value":92.76796632682849}],"level":"warn","message":"閾値アラート検出","service":"native-monitoring","timestamp":"2025-11-21T07:57:37.764Z"}
{"alerts":[{"message":"メモリ使用率が高い: 92.72%","severity":"warning","threshold":90,"timestamp":1763711867764,"type":"memory_high","value":92.72017580546424}],"level":"warn","message":"閾値アラート検出","service":"native-monitoring","timestamp":"2025-11-21T07:57:47.764Z"}
{"alerts":[{"message":"メモリ使用率が高い: 92.81%","severity":"warning","threshold":90,"timestamp":1763711877763,"type":"memory_high","value":92.8073524797114}],"level":"warn","message":"閾値アラート検出","service":"native-monitoring","timestamp":"2025-11-21T07:57:57.763Z"}
{"alerts":[{"message":"メモリ使用率が高い: 92.84%","severity":"warning","threshold":90,"timestamp":1763711887766,"type":"memory_high","value":92.83515154468812}],"level":"warn","message":"閾値アラート検出","service":"native-monitoring","timestamp":"2025-11-21T07:58:07.766Z"}
{"alerts":[{"message":"メモリ使用率が高い: 92.84%","severity":"warning","threshold":90,"timestamp":1763711897766,"type":"memory_high","value":92.84455051298973}],"level":"warn","message":"閾値アラート検出","service":"native-monitoring","timestamp":"2025-11-21T07:58:17.766Z"}
{"alerts":[{"message":"メモリ使用率が高い: 92.86%","severity":"warning","threshold":90,"timestamp":1763711907766,"type":"memory_high","value":92.86021546015907}],"level":"warn","message":"閾値アラート検出","service":"native-monitoring","timestamp":"2025-11-21T07:58:27.766Z"}
{"alerts":[{"message":"メモリ使用率が高い: 92.88%","severity":"warning","threshold":90,"timestamp":1763711917766,"type":"memory_high","value":92.88149989631297}],"level":"warn","message":"閾値アラート検出","service":"native-monitoring","timestamp":"2025-11-21T07:58:37.766Z"}
{"alerts":[{"message":"メモリ使用率が高い: 92.83%","severity":"warning","threshold":90,"timestamp":1763711927769,"type":"memory_high","value":92.82694609617084}],"level":"warn","message":"閾値アラート検出","service":"native-monitoring","timestamp":"2025-11-21T07:58:47.769Z"}
{"alerts":[{"message":"メモリ使用率が高い: 92.80%","severity":"warning","threshold":90,"timestamp":1763711937774,"type":"memory_high","value":92.79810270138285}],"level":"warn","message":"閾値アラート検出","service":"native-monitoring","timestamp":"2025-11-21T07:58:57.774Z"}
{"alerts":[{"message":"メモリ使用率が高い: 92.79%","severity":"warning","threshold":90,"timestamp":1763711947767,"type":"memory_high","value":92.78974806289253}],"level":"warn","message":"閾値アラート検出","service":"native-monitoring","timestamp":"2025-11-21T07:59:07.767Z"}
{"alerts":[{"message":"メモリ使用率が高い: 92.88%","severity":"warning","threshold":90,"timestamp":1763711957771,"type":"memory_high","value":92.88194746623209}],"level":"warn","message":"閾値アラート検出","service":"native-monitoring","timestamp":"2025-11-21T07:59:17.771Z"}
{"alerts":[{"message":"メモリ使用率が高い: 92.87%","severity":"warning","threshold":90,"timestamp":1763711967767,"type":"memory_high","value":92.8654371092155}],"level":"warn","message":"閾値アラート検出","service":"native-monitoring","timestamp":"2025-11-21T07:59:27.767Z"}
{"alerts":[{"message":"メモリ使用率が高い: 92.93%","severity":"warning","threshold":90,"timestamp":1763711977768,"type":"memory_high","value":92.92551093836018}],"level":"warn","message":"閾値アラート検出","service":"native-monitoring","timestamp":"2025-11-21T07:59:37.768Z"}
{"alerts":[{"message":"メモリ使用率が高い: 92.91%","severity":"warning","threshold":90,"timestamp":1763711987772,"type":"memory_high","value":92.91258114069659}],"level":"warn","message":"閾値アラート検出","service":"native-monitoring","timestamp":"2025-11-21T07:59:47.772Z"}
{"alerts":[{"message":"メモリ使用率が高い: 92.87%","severity":"warning","threshold":90,"timestamp":1763711997769,"type":"memory_high","value":92.87100686820907}],"level":"warn","message":"閾値アラート検出","service":"native-monitoring","timestamp":"2025-11-21T07:59:57.769Z"}
{"alerts":[{"message":"メモリ使用率が高い: 92.85%","severity":"warning","threshold":90,"timestamp":1763712007771,"type":"memory_high","value":92.85325326141714}],"level":"warn","message":"閾値アラート検出","service":"native-monitoring","timestamp":"2025-11-21T08:00:07.771Z"}
{"alerts":[{"message":"メモリ使用率が高い: 92.88%","severity":"warning","threshold":90,"timestamp":1763712017772,"type":"memory_high","value":92.88348909595352}],"level":"warn","message":"閾値アラート検出","service":"native-monitoring","timestamp":"2025-11-21T08:00:17.772Z"}
{"alerts":[{"message":"メモリ使用率が高い: 92.93%","severity":"warning","threshold":90,"timestamp":1763712027776,"type":"memory_high","value":92.92546120836917}],"level":"warn","message":"閾値アラート検出","service":"native-monitoring","timestamp":"2025-11-21T08:00:27.776Z"}
{"alerts":[{"message":"メモリ使用率が高い: 92.84%","severity":"warning","threshold":90,"timestamp":1763712037772,"type":"memory_high","value":92.83559911460723}],"level":"warn","message":"閾値アラート検出","service":"native-monitoring","timestamp":"2025-11-21T08:00:37.772Z"}
{"alerts":[{"message":"メモリ使用率が高い: 92.93%","severity":"warning","threshold":90,"timestamp":1763712047772,"type":"memory_high","value":92.93137907729981}],"level":"warn","message":"閾値アラート検出","service":"native-monitoring","timestamp":"2025-11-21T08:00:47.772Z"}
{"alerts":[{"message":"メモリ使用率が高い: 92.90%","severity":"warning","threshold":90,"timestamp":1763712057770,"type":"memory_high","value":92.90382866227816}],"level":"warn","message":"閾値アラート検出","service":"native-monitoring","timestamp":"2025-11-21T08:00:57.770Z"}
{"alerts":[{"message":"メモリ使用率が高い: 92.84%","severity":"warning","threshold":90,"timestamp":1763712067773,"type":"memory_high","value":92.84111914360977}],"level":"warn","message":"閾値アラート検出","service":"native-monitoring","timestamp":"2025-11-21T08:01:07.773Z"}
{"alerts":[{"message":"メモリ使用率が高い: 92.88%","severity":"warning","threshold":90,"timestamp":1763712077771,"type":"memory_high","value":92.88289233606135}],"level":"warn","message":"閾値アラート検出","service":"native-monitoring","timestamp":"2025-11-21T08:01:17.771Z"}
{"alerts":[{"message":"メモリ使用率が高い: 92.87%","severity":"warning","threshold":90,"timestamp":1763712087773,"type":"memory_high","value":92.86876901861343}],"level":"warn","message":"閾値アラート検出","service":"native-monitoring","timestamp":"2025-11-21T08:01:27.773Z"}
{"alerts":[{"message":"メモリ使用率が高い: 92.89%","severity":"warning","threshold":90,"timestamp":1763712097770,"type":"memory_high","value":92.88517991564798}],"level":"warn","message":"閾値アラート検出","service":"native-monitoring","timestamp":"2025-11-21T08:01:37.770Z"}
{"alerts":[{"message":"メモリ使用率が高い: 92.86%","severity":"warning","threshold":90,"timestamp":1763712107772,"type":"memory_high","value":92.86439277940423}],"level":"warn","message":"閾値アラート検出","service":"native-monitoring","timestamp":"2025-11-21T08:01:47.773Z"}
{"alerts":[{"message":"メモリ使用率が高い: 92.94%","severity":"warning","threshold":90,"timestamp":1763712117775,"type":"memory_high","value":92.93655099636523}],"level":"warn","message":"閾値アラート検出","service":"native-monitoring","timestamp":"2025-11-21T08:01:57.775Z"}
{"alerts":[{"message":"メモリ使用率が高い: 92.95%","severity":"warning","threshold":90,"timestamp":1763712127776,"type":"memory_high","value":92.95420514317513}],"level":"warn","message":"閾値アラート検出","service":"native-monitoring","timestamp":"2025-11-21T08:02:07.776Z"}
{"alerts":[{"message":"メモリ使用率が高い: 92.98%","severity":"warning","threshold":90,"timestamp":1763712137776,"type":"memory_high","value":92.97613606921222}],"level":"warn","message":"閾値アラート検出","service":"native-monitoring","timestamp":"2025-11-21T08:02:17.776Z"}
{"alerts":[{"message":"メモリ使用率が高い: 92.86%","severity":"warning","threshold":90,"timestamp":1763712147775,"type":"memory_high","value":92.86374628952105}],"level":"warn","message":"閾値アラート検出","service":"native-monitoring","timestamp":"2025-11-21T08:02:27.775Z"}
{"alerts":[{"message":"メモリ使用率が高い: 92.91%","severity":"warning","threshold":90,"timestamp":1763712157776,"type":"memory_high","value":92.90591732190074}],"level":"warn","message":"閾値アラート検出","service":"native-monitoring","timestamp":"2025-11-21T08:02:37.776Z"}
{"alerts":[{"message":"メモリ使用率が高い: 92.94%","severity":"warning","threshold":90,"timestamp":1763712167785,"type":"memory_high","value":92.942966165206}],"level":"warn","message":"閾値アラート検出","service":"native-monitoring","timestamp":"2025-11-21T08:02:47.785Z"}
{"alerts":[{"message":"メモリ使用率が高い: 92.96%","severity":"warning","threshold":90,"timestamp":1763712177779,"type":"memory_high","value":92.95942679223158}],"level":"warn","message":"閾値アラート検出","service":"native-monitoring","timestamp":"2025-11-21T08:02:57.779Z"}
{"alerts":[{"message":"メモリ使用率が高い: 93.05%","severity":"warning","threshold":90,"timestamp":1763712187779,"type":"memory_high","value":93.05003483585871}],"level":"warn","message":"閾値アラート検出","service":"native-monitoring","timestamp":"2025-11-21T08:03:07.779Z"}
{"alerts":[{"message":"メモリ使用率が高い: 93.09%","severity":"warning","threshold":90,"timestamp":1763712197781,"type":"memory_high","value":93.09320046805868}],"level":"warn","message":"閾値アラート検出","service":"native-monitoring","timestamp":"2025-11-21T08:03:17.781Z"}
{"alerts":[{"message":"メモリ使用率が高い: 93.10%","severity":"warning","threshold":90,"timestamp":1763712207777,"type":"memory_high","value":93.10225132642319}],"level":"warn","message":"閾値アラート検出","service":"native-monitoring","timestamp":"2025-11-21T08:03:27.777Z"}
{"alerts":[{"message":"メモリ使用率が高い: 93.07%","severity":"warning","threshold":90,"timestamp":1763712217783,"type":"memory_high","value":93.06629654292021}],"level":"warn","message":"閾値アラート検出","service":"native-monitoring","timestamp":"2025-11-21T08:03:37.783Z"}
{"alerts":[{"message":"メモリ使用率が高い: 93.11%","severity":"warning","threshold":90,"timestamp":1763712227780,"type":"memory_high","value":93.1110038048416}],"level":"warn","message":"閾値アラート検出","service":"native-monitoring","timestamp":"2025-11-21T08:03:47.780Z"}
{"alerts":[{"message":"メモリ使用率が高い: 93.06%","severity":"warning","threshold":90,"timestamp":1763712237777,"type":"memory_high","value":93.05595270478935}],"level":"warn","message":"閾値アラート検出","service":"native-monitoring","timestamp":"2025-11-21T08:03:57.777Z"}
{"alerts":[{"message":"メモリ使用率が高い: 93.03%","severity":"warning","threshold":90,"timestamp":1763712247779,"type":"memory_high","value":93.03113743927346}],"level":"warn","message":"閾値アラート検出","service":"native-monitoring","timestamp":"2025-11-21T08:04:07.779Z"}
{"alerts":[{"message":"メモリ使用率が高い: 93.07%","severity":"warning","threshold":90,"timestamp":1763712257782,"type":"memory_high","value":93.06853439251583}],"level":"warn","message":"閾値アラート検出","service":"native-monitoring","timestamp":"2025-11-21T08:04:17.782Z"}
{"alerts":[{"message":"メモリ使用率が高い: 93.07%","severity":"warning","threshold":90,"timestamp":1763712267781,"type":"memory_high","value":93.0658987029921}],"level":"warn","message":"閾値アラート検出","service":"native-monitoring","timestamp":"2025-11-21T08:04:27.781Z"}
{"alerts":[{"message":"メモリ使用率が高い: 93.12%","severity":"warning","threshold":90,"timestamp":1763712277784,"type":"memory_high","value":93.12393360250519}],"level":"warn","message":"閾値アラート検出","service":"native-monitoring","timestamp":"2025-11-21T08:04:37.784Z"}
{"alerts":[{"message":"メモリ使用率が高い: 93.22%","severity":"warning","threshold":90,"timestamp":1763712287780,"type":"memory_high","value":93.21638165579984}],"level":"warn","message":"閾値アラート検出","service":"native-monitoring","timestamp":"2025-11-21T08:04:47.780Z"}
{"alerts":[{"message":"メモリ使用率が高い: 93.32%","severity":"warning","threshold":90,"timestamp":1763712297784,"type":"memory_high","value":93.32389789637165}],"level":"warn","message":"閾値アラート検出","service":"native-monitoring","timestamp":"2025-11-21T08:04:57.784Z"}
{"alerts":[{"message":"メモリ使用率が高い: 93.23%","severity":"warning","threshold":90,"timestamp":1763712307781,"type":"memory_high","value":93.23358823269061}],"level":"warn","message":"閾値アラート検出","service":"native-monitoring","timestamp":"2025-11-21T08:05:07.781Z"}
{"alerts":[{"message":"メモリ使用率が高い: 93.31%","severity":"warning","threshold":90,"timestamp":1763712317781,"type":"memory_high","value":93.30599509960669}],"level":"warn","message":"閾値アラート検出","service":"native-monitoring","timestamp":"2025-11-21T08:05:17.781Z"}
{"alerts":[{"message":"メモリ使用率が高い: 93.34%","severity":"warning","threshold":90,"timestamp":1763712327783,"type":"memory_high","value":93.33578336422394}],"level":"warn","message":"閾値アラート検出","service":"native-monitoring","timestamp":"2025-11-21T08:05:27.783Z"}
{"alerts":[{"message":"メモリ使用率が高い: 93.22%","severity":"warning","threshold":90,"timestamp":1763712337780,"type":"memory_high","value":93.21677949572795}],"level":"warn","message":"閾値アラート検出","service":"native-monitoring","timestamp":"2025-11-21T08:05:37.780Z"}
{"alerts":[{"message":"メモリ使用率が高い: 93.28%","severity":"warning","threshold":90,"timestamp":1763712347781,"type":"memory_high","value":93.28421336354265}],"level":"warn","message":"閾値アラート検出","service":"native-monitoring","timestamp":"2025-11-21T08:05:47.781Z"}
{"alerts":[{"message":"メモリ使用率が高い: 93.31%","severity":"warning","threshold":90,"timestamp":1763712357781,"type":"memory_high","value":93.30614428957973}],"level":"warn","message":"閾値アラート検出","service":"native-monitoring","timestamp":"2025-11-21T08:05:57.781Z"}
{"alerts":[{"message":"メモリ使用率が高い: 93.21%","severity":"warning","threshold":90,"timestamp":1763712367783,"type":"memory_high","value":93.2130000164109}],"level":"warn","message":"閾値アラート検出","service":"native-monitoring","timestamp":"2025-11-21T08:06:07.783Z"}
{"alerts":[{"message":"メモリ使用率が高い: 93.22%","severity":"warning","threshold":90,"timestamp":1763712377784,"type":"memory_high","value":93.21563570593463}],"level":"warn","message":"閾値アラート検出","service":"native-monitoring","timestamp":"2025-11-21T08:06:17.784Z"}
{"alerts":[{"message":"メモリ使用率が高い: 93.29%","severity":"warning","threshold":90,"timestamp":1763712387782,"type":"memory_high","value":93.2934134118802}],"level":"warn","message":"閾値アラート検出","service":"native-monitoring","timestamp":"2025-11-21T08:06:27.782Z"}
{"alerts":[{"message":"メモリ使用率が高い: 93.32%","severity":"warning","threshold":90,"timestamp":1763712397779,"type":"memory_high","value":93.31534433791728}],"level":"warn","message":"閾値アラート検出","service":"native-monitoring","timestamp":"2025-11-21T08:06:37.779Z"}
{"alerts":[{"message":"メモリ使用率が高い: 93.33%","severity":"warning","threshold":90,"timestamp":1763712407781,"type":"memory_high","value":93.33100928508662}],"level":"warn","message":"閾値アラート検出","service":"native-monitoring","timestamp":"2025-11-21T08:06:47.781Z"}
{"alerts":[{"message":"メモリ使用率が高い: 93.28%","severity":"warning","threshold":90,"timestamp":1763712417780,"type":"memory_high","value":93.2779473846749}],"level":"warn","message":"閾値アラート検出","service":"native-monitoring","timestamp":"2025-11-21T08:06:57.780Z"}
{"alerts":[{"message":"メモリ使用率が高い: 93.32%","severity":"warning","threshold":90,"timestamp":1763712427783,"type":"memory_high","value":93.31589136781842}],"level":"warn","message":"閾値アラート検出","service":"native-monitoring","timestamp":"2025-11-21T08:07:07.783Z"}
{"alerts":[{"message":"メモリ使用率が高い: 93.24%","severity":"warning","threshold":90,"timestamp":1763712437782,"type":"memory_high","value":93.2414953012618}],"level":"warn","message":"閾値アラート検出","service":"native-monitoring","timestamp":"2025-11-21T08:07:17.782Z"}
{"alerts":[{"message":"メモリ使用率が高い: 93.28%","severity":"warning","threshold":90,"timestamp":1763712447785,"type":"memory_high","value":93.27988685432445}],"level":"warn","message":"閾値アラート検出","service":"native-monitoring","timestamp":"2025-11-21T08:07:27.785Z"}
{"alerts":[{"message":"メモリ使用率が高い: 93.29%","severity":"warning","threshold":90,"timestamp":1763712457782,"type":"memory_high","value":93.28655067312029}],"level":"warn","message":"閾値アラート検出","service":"native-monitoring","timestamp":"2025-11-21T08:07:37.782Z"}
{"alerts":[{"message":"メモリ使用率が高い: 93.31%","severity":"warning","threshold":90,"timestamp":1763712467781,"type":"memory_high","value":93.31096809870807}],"level":"warn","message":"閾値アラート検出","service":"native-monitoring","timestamp":"2025-11-21T08:07:47.781Z"}
{"alerts":[{"message":"メモリ使用率が高い: 93.33%","severity":"warning","threshold":90,"timestamp":1763712477781,"type":"memory_high","value":93.32877143549099}],"level":"warn","message":"閾値アラート検出","service":"native-monitoring","timestamp":"2025-11-21T08:07:57.781Z"}
{"alerts":[{"message":"メモリ使用率が高い: 93.31%","severity":"warning","threshold":90,"timestamp":1763712487781,"type":"memory_high","value":93.30679077946291}],"level":"warn","message":"閾値アラート検出","service":"native-monitoring","timestamp":"2025-11-21T08:08:07.781Z"}
{"alerts":[{"message":"メモリ使用率が高い: 93.21%","severity":"warning","threshold":90,"timestamp":1763712497782,"type":"memory_high","value":93.21314920638393}],"level":"warn","message":"閾値アラート検出","service":"native-monitoring","timestamp":"2025-11-21T08:08:17.782Z"}
{"alerts":[{"message":"メモリ使用率が高い: 93.20%","severity":"warning","threshold":90,"timestamp":1763712507783,"type":"memory_high","value":93.19514694963694}],"level":"warn","message":"閾値アラート検出","service":"native-monitoring","timestamp":"2025-11-21T08:08:27.783Z"}
{"alerts":[{"message":"メモリ使用率が高い: 93.27%","severity":"warning","threshold":90,"timestamp":1763712517781,"type":"memory_high","value":93.27436682532192}],"level":"warn","message":"閾値アラート検出","service":"native-monitoring","timestamp":"2025-11-21T08:08:37.781Z"}
{"alerts":[{"message":"メモリ使用率が高い: 93.29%","severity":"warning","threshold":90,"timestamp":1763712527781,"type":"memory_high","value":93.28998204250024}],"level":"warn","message":"閾値アラート検出","service":"native-monitoring","timestamp":"2025-11-21T08:08:47.782Z"}
{"alerts":[{"message":"メモリ使用率が高い: 93.31%","severity":"warning","threshold":90,"timestamp":1763712537783,"type":"memory_high","value":93.31375297820483}],"level":"warn","message":"閾値アラート検出","service":"native-monitoring","timestamp":"2025-11-21T08:08:57.783Z"}
{"alerts":[{"message":"メモリ使用率が高い: 93.33%","severity":"warning","threshold":90,"timestamp":1763712547784,"type":"memory_high","value":93.32936819538317}],"level":"warn","message":"閾値アラート検出","service":"native-monitoring","timestamp":"2025-11-21T08:09:07.784Z"}
{"alerts":[{"message":"メモリ使用率が高い: 93.29%","severity":"warning","threshold":90,"timestamp":1763712557781,"type":"memory_high","value":93.28674959308435}],"level":"warn","message":"閾値アラート検出","service":"native-monitoring","timestamp":"2025-11-21T08:09:17.781Z"}
{"alerts":[{"message":"メモリ使用率が高い: 93.33%","severity":"warning","threshold":90,"timestamp":1763712567782,"type":"memory_high","value":93.33016387523939}],"level":"warn","message":"閾値アラート検出","service":"native-monitoring","timestamp":"2025-11-21T08:09:27.782Z"}
{"alerts":[{"message":"メモリ使用率が高い: 93.34%","severity":"warning","threshold":90,"timestamp":1763712577785,"type":"memory_high","value":93.33986122348708}],"level":"warn","message":"閾値アラート検出","service":"native-monitoring","timestamp":"2025-11-21T08:09:37.786Z"}
{"alerts":[{"message":"メモリ使用率が高い: 93.37%","severity":"warning","threshold":90,"timestamp":1763712587792,"type":"memory_high","value":93.37382680734949}],"level":"warn","message":"閾値アラート検出","service":"native-monitoring","timestamp":"2025-11-21T08:09:47.792Z"}
{"alerts":[{"message":"メモリ使用率が高い: 93.33%","severity":"warning","threshold":90,"timestamp":1763712597783,"type":"memory_high","value":93.3254892560841}],"level":"warn","message":"閾値アラート検出","service":"native-monitoring","timestamp":"2025-11-21T08:09:57.783Z"}
{"alerts":[{"message":"メモリ使用率が高い: 93.40%","severity":"warning","threshold":90,"timestamp":1763712607785,"type":"memory_high","value":93.39560854341353}],"level":"warn","message":"閾値アラート検出","service":"native-monitoring","timestamp":"2025-11-21T08:10:07.785Z"}
{"alerts":[{"message":"メモリ使用率が高い: 93.30%","severity":"warning","threshold":90,"timestamp":1763712617785,"type":"memory_high","value":93.29918209083779}],"level":"warn","message":"閾値アラート検出","service":"native-monitoring","timestamp":"2025-11-21T08:10:17.785Z"}
{"alerts":[{"message":"メモリ使用率が高い: 93.35%","severity":"warning","threshold":90,"timestamp":1763712627794,"type":"memory_high","value":93.3464255823009}],"level":"warn","message":"閾値アラート検出","service":"native-monitoring","timestamp":"2025-11-21T08:10:27.794Z"}
{"alerts":[{"message":"メモリ使用率が高い: 93.35%","severity":"warning","threshold":90,"timestamp":1763712637783,"type":"memory_high","value":93.35323859106978}],"level":"warn","message":"閾値アラート検出","service":"native-monitoring","timestamp":"2025-11-21T08:10:37.783Z"}
{"alerts":[{"message":"メモリ使用率が高い: 93.39%","severity":"warning","threshold":90,"timestamp":1763712647786,"type":"memory_high","value":93.38720417493221}],"level":"warn","message":"閾値アラート検出","service":"native-monitoring","timestamp":"2025-11-21T08:10:47.786Z"}
{"alerts":[{"message":"メモリ使用率が高い: 93.38%","severity":"warning","threshold":90,"timestamp":1763712657784,"type":"memory_high","value":93.37735763671148}],"level":"warn","message":"閾値アラート検出","service":"native-monitoring","timestamp":"2025-11-21T08:10:57.784Z"}
{"alerts":[{"message":"メモリ使用率が高い: 93.35%","severity":"warning","threshold":90,"timestamp":1763712667785,"type":"memory_high","value":93.34518233252555}],"level":"warn","message":"閾値アラート検出","service":"native-monitoring","timestamp":"2025-11-21T08:11:07.785Z"}
{"alerts":[{"message":"メモリ使用率が高い: 93.39%","severity":"warning","threshold":90,"timestamp":1763712677790,"type":"memory_high","value":93.38795012479741}],"level":"warn","message":"閾値アラート検出","service":"native-monitoring","timestamp":"2025-11-21T08:11:17.790Z"}
{"alerts":[{"message":"メモリ使用率が高い: 93.46%","severity":"warning","threshold":90,"timestamp":1763712687785,"type":"memory_high","value":93.45961104184829}],"level":"warn","message":"閾値アラート検出","service":"native-monitoring","timestamp":"2025-11-21T08:11:27.785Z"}
{"alerts":[{"message":"メモリ使用率が高い: 93.45%","severity":"warning","threshold":90,"timestamp":1763712697786,"type":"memory_high","value":93.45016234355566}],"level":"warn","message":"閾値アラート検出","service":"native-monitoring","timestamp":"2025-11-21T08:11:37.786Z"}
{"alerts":[{"message":"メモリ使用率が高い: 93.40%","severity":"warning","threshold":90,"timestamp":1763712707788,"type":"memory_high","value":93.3983436929193}],"level":"warn","message":"閾値アラート検出","service":"native-monitoring","timestamp":"2025-11-21T08:11:47.788Z"}
{"alerts":[{"message":"メモリ使用率が高い: 93.41%","severity":"warning","threshold":90,"timestamp":1763712717788,"type":"memory_high","value":93.40774266122091}],"level":"warn","message":"閾値アラート検出","service":"native-monitoring","timestamp":"2025-11-21T08:11:57.788Z"}
{"alerts":[{"message":"メモリ使用率が高い: 93.30%","severity":"warning","threshold":90,"timestamp":1763712727787,"type":"memory_high","value":93.30211616030762}],"level":"warn","message":"閾値アラート検出","service":"native-monitoring","timestamp":"2025-11-21T08:12:07.787Z"}
{"alerts":[{"message":"メモリ使用率が高い: 93.29%","severity":"warning","threshold":90,"timestamp":1763712737788,"type":"memory_high","value":93.2851085033809}],"level":"warn","message":"閾値アラート検出","service":"native-monitoring","timestamp":"2025-11-21T08:12:17.788Z"}
{"alerts":[{"message":"メモリ使用率が高い: 93.35%","severity":"warning","threshold":90,"timestamp":1763712747785,"type":"memory_high","value":93.35065263153707}],"level":"warn","message":"閾値アラート検出","service":"native-monitoring","timestamp":"2025-11-21T08:12:27.785Z"}
{"alerts":[{"message":"メモリ使用率が高い: 93.35%","severity":"warning","threshold":90,"timestamp":1763712757786,"type":"memory_high","value":93.35358670100689}],"level":"warn","message":"閾値アラート検出","service":"native-monitoring","timestamp":"2025-11-21T08:12:37.786Z"}
{"alerts":[{"message":"メモリ使用率が高い: 93.38%","severity":"warning","threshold":90,"timestamp":1763712767789,"type":"memory_high","value":93.37730790672046}],"level":"warn","message":"閾値アラート検出","service":"native-monitoring","timestamp":"2025-11-21T08:12:47.790Z"}
{"alerts":[{"message":"メモリ使用率が高い: 93.42%","severity":"warning","threshold":90,"timestamp":1763712777790,"type":"memory_high","value":93.41739027947757}],"level":"warn","message":"閾値アラート検出","service":"native-monitoring","timestamp":"2025-11-21T08:12:57.790Z"}
{"alerts":[{"message":"メモリ使用率が高い: 93.48%","severity":"warning","threshold":90,"timestamp":1763712787791,"type":"memory_high","value":93.47681761873906}],"level":"warn","message":"閾値アラート検出","service":"native-monitoring","timestamp":"2025-11-21T08:13:07.791Z"}
{"alerts":[{"message":"メモリ使用率が高い: 93.56%","severity":"warning","threshold":90,"timestamp":1763712797789,"type":"memory_high","value":93.56021481366919}],"level":"warn","message":"閾値アラート検出","service":"native-monitoring","timestamp":"2025-11-21T08:13:17.789Z"}
{"alerts":[{"message":"メモリ使用率が高い: 93.57%","severity":"warning","threshold":90,"timestamp":1763712807790,"type":"memory_high","value":93.56782350229429}],"level":"warn","message":"閾値アラート検出","service":"native-monitoring","timestamp":"2025-11-21T08:13:27.790Z"}
{"alerts":[{"message":"メモリ使用率が高い: 93.53%","severity":"warning","threshold":90,"timestamp":1763712817792,"type":"memory_high","value":93.52555300993257}],"level":"warn","message":"閾値アラート検出","service":"native-monitoring","timestamp":"2025-11-21T08:13:37.792Z"}
{"alerts":[{"message":"メモリ使用率が高い: 93.52%","severity":"warning","threshold":90,"timestamp":1763712827790,"type":"memory_high","value":93.52013244091206}],"level":"warn","message":"閾値アラート検出","service":"native-monitoring","timestamp":"2025-11-21T08:13:47.790Z"}
{"alerts":[{"message":"メモリ使用率が高い: 93.56%","severity":"warning","threshold":90,"timestamp":1763712837790,"type":"memory_high","value":93.56086130355237}],"level":"warn","message":"閾値アラート検出","service":"native-monitoring","timestamp":"2025-11-21T08:13:57.790Z"}
{"alerts":[{"message":"メモリ使用率が高い: 93.61%","severity":"warning","threshold":90,"timestamp":1763712847792,"type":"memory_high","value":93.61412212392814}],"level":"warn","message":"閾値アラート検出","service":"native-monitoring","timestamp":"2025-11-21T08:14:07.792Z"}
{"alerts":[{"message":"メモリ使用率が高い: 93.61%","severity":"warning","threshold":90,"timestamp":1763712857805,"type":"memory_high","value":93.6129286041438}],"level":"warn","message":"閾値アラート検出","service":"native-monitoring","timestamp":"2025-11-21T08:14:17.805Z"}
{"alerts":[{"message":"メモリ使用率が高い: 93.57%","severity":"warning","threshold":90,"timestamp":1763712867790,"type":"memory_high","value":93.56986243192586}],"level":"warn","message":"閾値アラート検出","service":"native-monitoring","timestamp":"2025-11-21T08:14:27.790Z"}
{"alerts":[{"message":"メモリ使用率が高い: 93.58%","severity":"warning","threshold":90,"timestamp":1763712877795,"type":"memory_high","value":93.5822451996883}],"level":"warn","message":"閾値アラート検出","service":"native-monitoring","timestamp":"2025-11-21T08:14:37.795Z"}
{"alerts":[{"message":"メモリ使用率が高い: 93.57%","severity":"warning","threshold":90,"timestamp":1763712887794,"type":"memory_high","value":93.57473597104521}],"level":"warn","message":"閾値アラート検出","service":"native-monitoring","timestamp":"2025-11-21T08:14:47.794Z"}
{"alerts":[{"message":"メモリ使用率が高い: 93.60%","severity":"warning","threshold":90,"timestamp":1763712897794,"type":"memory_high","value":93.60168962617469}],"level":"warn","message":"閾値アラート検出","service":"native-monitoring","timestamp":"2025-11-21T08:14:57.794Z"}
{"alerts":[{"message":"メモリ使用率が高い: 93.48%","severity":"warning","threshold":90,"timestamp":1763712907790,"type":"memory_high","value":93.48248683771463}],"level":"warn","message":"閾値アラート検出","service":"native-monitoring","timestamp":"2025-11-21T08:15:07.790Z"}
{"alerts":[{"message":"メモリ使用率が高い: 93.49%","severity":"warning","threshold":90,"timestamp":1763712917794,"type":"memory_high","value":93.49024471631277}],"level":"warn","message":"閾値アラート検出","service":"native-monitoring","timestamp":"2025-11-21T08:15:17.794Z"}
{"alerts":[{"message":"メモリ使用率が高い: 93.51%","severity":"warning","threshold":90,"timestamp":1763712927795,"type":"memory_high","value":93.51416484199041}],"level":"warn","message":"閾値アラート検出","service":"native-monitoring","timestamp":"2025-11-21T08:15:27.795Z"}
{"alerts":[{"message":"メモリ使用率が高い: 93.54%","severity":"warning","threshold":90,"timestamp":1763712937794,"type":"memory_high","value":93.53644387796459}],"level":"warn","message":"閾値アラート検出","service":"native-monitoring","timestamp":"2025-11-21T08:15:37.794Z"}
{"alerts":[{"message":"メモリ使用率が高い: 93.49%","severity":"warning","threshold":90,"timestamp":1763712947797,"type":"memory_high","value":93.48800686671716}],"level":"warn","message":"閾値アラート検出","service":"native-monitoring","timestamp":"2025-11-21T08:15:47.797Z"}
{"alerts":[{"message":"メモリ使用率が高い: 93.42%","severity":"warning","threshold":90,"timestamp":1763712957798,"type":"memory_high","value":93.41559999980107}],"level":"warn","message":"閾値アラート検出","service":"native-monitoring","timestamp":"2025-11-21T08:15:57.798Z"}
{"alerts":[{"message":"メモリ使用率が高い: 93.50%","severity":"warning","threshold":90,"timestamp":1763712967798,"type":"memory_high","value":93.49651069518052}],"level":"warn","message":"閾値アラート検出","service":"native-monitoring","timestamp":"2025-11-21T08:16:07.798Z"}
{"alerts":[{"message":"メモリ使用率が高い: 93.52%","severity":"warning","threshold":90,"timestamp":1763712977795,"type":"memory_high","value":93.52361354028304}],"level":"warn","message":"閾値アラート検出","service":"native-monitoring","timestamp":"2025-11-21T08:16:17.795Z"}
{"alerts":[{"message":"メモリ使用率が高い: 93.53%","severity":"warning","threshold":90,"timestamp":1763712987794,"type":"memory_high","value":93.53007843911483}],"level":"warn","message":"閾値アラート検出","service":"native-monitoring","timestamp":"2025-11-21T08:16:27.794Z"}
{"alerts":[{"message":"メモリ使用率が高い: 93.53%","severity":"warning","threshold":90,"timestamp":1763712997794,"type":"memory_high","value":93.53166979882727}],"level":"warn","message":"閾値アラート検出","service":"native-monitoring","timestamp":"2025-11-21T08:16:37.794Z"}
{"alerts":[{"message":"メモリ使用率が高い: 93.54%","severity":"warning","threshold":90,"timestamp":1763713007794,"type":"memory_high","value":93.54091957715583}],"level":"warn","message":"閾値アラート検出","service":"native-monitoring","timestamp":"2025-11-21T08:16:47.795Z"}
{"alerts":[{"message":"メモリ使用率が高い: 93.53%","severity":"warning","threshold":90,"timestamp":1763713017798,"type":"memory_high","value":93.52644814977083}],"level":"warn","message":"閾値アラート検出","service":"native-monitoring","timestamp":"2025-11-21T08:16:57.798Z"}
{"alerts":[{"message":"メモリ使用率が高い: 93.55%","severity":"warning","threshold":90,"timestamp":1763713027797,"type":"memory_high","value":93.55424721474753}],"level":"warn","message":"閾値アラート検出","service":"native-monitoring","timestamp":"2025-11-21T08:17:07.797Z"}
{"alerts":[{"message":"メモリ使用率が高い: 93.56%","severity":"warning","threshold":90,"timestamp":1763713037802,"type":"memory_high","value":93.56329807311204}],"level":"warn","message":"閾値アラート検出","service":"native-monitoring","timestamp":"2025-11-21T08:17:17.802Z"}
{"alerts":[{"message":"メモリ使用率が高い: 93.52%","severity":"warning","threshold":90,"timestamp":1763713047797,"type":"memory_high","value":93.51525890179272}],"level":"warn","message":"閾値アラート検出","service":"native-monitoring","timestamp":"2025-11-21T08:17:27.797Z"}
{"alerts":[{"message":"メモリ使用率が高い: 93.57%","severity":"warning","threshold":90,"timestamp":1763713057795,"type":"memory_high","value":93.57215001151249}],"level":"warn","message":"閾値アラート検出","service":"native-monitoring","timestamp":"2025-11-21T08:17:37.795Z"}
{"alerts":[{"message":"メモリ使用率が高い: 93.48%","severity":"warning","threshold":90,"timestamp":1763713067799,"type":"memory_high","value":93.48427711739113}],"level":"warn","message":"閾値アラート検出","service":"native-monitoring","timestamp":"2025-11-21T08:17:47.799Z"}
{"alerts":[{"message":"メモリ使用率が高い: 93.52%","severity":"warning","threshold":90,"timestamp":1763713077799,"type":"memory_high","value":93.52217137054365}],"level":"warn","message":"閾値アラート検出","service":"native-monitoring","timestamp":"2025-11-21T08:17:57.799Z"}
{"alerts":[{"message":"メモリ使用率が高い: 93.53%","severity":"warning","threshold":90,"timestamp":1763713087803,"type":"memory_high","value":93.53470332827911}],"level":"warn","message":"閾値アラート検出","service":"native-monitoring","timestamp":"2025-11-21T08:18:07.803Z"}
{"alerts":[{"message":"メモリ使用率が高い: 93.54%","severity":"warning","threshold":90,"timestamp":1763713097801,"type":"memory_high","value":93.54156606703901}],"level":"warn","message":"閾値アラート検出","service":"native-monitoring","timestamp":"2025-11-21T08:18:17.801Z"}
{"alerts":[{"message":"メモリ使用率が高い: 93.57%","severity":"warning","threshold":90,"timestamp":1763713107799,"type":"memory_high","value":93.56936513201572}],"level":"warn","message":"閾値アラート検出","service":"native-monitoring","timestamp":"2025-11-21T08:18:27.799Z"}
{"alerts":[{"message":"メモリ使用率が高い: 93.60%","severity":"warning","threshold":90,"timestamp":1763713117800,"type":"memory_high","value":93.59756203692055}],"level":"warn","message":"閾値アラート検出","service":"native-monitoring","timestamp":"2025-11-21T08:18:37.800Z"}
{"alerts":[{"message":"メモリ使用率が高い: 93.59%","severity":"warning","threshold":90,"timestamp":1763713127800,"type":"memory_high","value":93.5887598285111}],"level":"warn","message":"閾値アラート検出","service":"native-monitoring","timestamp":"2025-11-21T08:18:47.800Z"}
{"alerts":[{"message":"メモリ使用率が高い: 93.59%","severity":"warning","threshold":90,"timestamp":1763713137803,"type":"memory_high","value":93.59184308795395}],"level":"warn","message":"閾値アラート検出","service":"native-monitoring","timestamp":"2025-11-21T08:18:57.803Z"}
{"alerts":[{"message":"メモリ使用率が高い: 93.60%","severity":"warning","threshold":90,"timestamp":1763713147799,"type":"memory_high","value":93.60099340630049}],"level":"warn","message":"閾値アラート検出","service":"native-monitoring","timestamp":"2025-11-21T08:19:07.799Z"}
{"alerts":[{"message":"メモリ使用率が高い: 93.52%","severity":"warning","threshold":90,"timestamp":1763713157801,"type":"memory_high","value":93.51680053151415}],"level":"warn","message":"閾値アラート検出","service":"native-monitoring","timestamp":"2025-11-21T08:19:17.801Z"}
{"alerts":[{"message":"メモリ使用率が高い: 93.54%","severity":"warning","threshold":90,"timestamp":1763713167802,"type":"memory_high","value":93.53868172756022}],"level":"warn","message":"閾値アラート検出","service":"native-monitoring","timestamp":"2025-11-21T08:19:27.802Z"}
{"alerts":[{"message":"メモリ使用率が高い: 93.55%","severity":"warning","threshold":90,"timestamp":1763713177806,"type":"memory_high","value":93.55106449532265}],"level":"warn","message":"閾値アラート検出","service":"native-monitoring","timestamp":"2025-11-21T08:19:37.806Z"}
{"alerts":[{"message":"メモリ使用率が高い: 93.65%","severity":"warning","threshold":90,"timestamp":1763713187800,"type":"memory_high","value":93.65236448701773}],"level":"warn","message":"閾値アラート検出","service":"native-monitoring","timestamp":"2025-11-21T08:19:47.800Z"}
{"alerts":[{"message":"メモリ使用率が高い: 93.60%","severity":"warning","threshold":90,"timestamp":1763713197805,"type":"memory_high","value":93.59835771677676}],"level":"warn","message":"閾値アラート検出","service":"native-monitoring","timestamp":"2025-11-21T08:19:57.805Z"}
{"alerts":[{"message":"メモリ使用率が高い: 93.56%","severity":"warning","threshold":90,"timestamp":1763713207805,"type":"memory_high","value":93.55797696407356}],"level":"warn","message":"閾値アラート検出","service":"native-monitoring","timestamp":"2025-11-21T08:20:07.805Z"}
{"alerts":[{"message":"メモリ使用率が高い: 93.55%","severity":"warning","threshold":90,"timestamp":1763713217804,"type":"memory_high","value":93.5505671954125}],"level":"warn","message":"閾値アラート検出","service":"native-monitoring","timestamp":"2025-11-21T08:20:17.804Z"}
{"alerts":[{"message":"メモリ使用率が高い: 93.56%","severity":"warning","threshold":90,"timestamp":1763713227802,"type":"memory_high","value":93.56478997284245}],"level":"warn","message":"閾値アラート検出","service":"native-monitoring","timestamp":"2025-11-21T08:20:27.802Z"}
{"alerts":[{"message":"メモリ使用率が高い: 93.63%","severity":"warning","threshold":90,"timestamp":1763713237807,"type":"memory_high","value":93.63033410099862}],"level":"warn","message":"閾値アラート検出","service":"native-monitoring","timestamp":"2025-11-21T08:20:37.807Z"}
{"alerts":[{"message":"メモリ使用率が高い: 93.65%","severity":"warning","threshold":90,"timestamp":1763713247809,"type":"memory_high","value":93.64838608773664}],"level":"warn","message":"閾値アラート検出","service":"native-monitoring","timestamp":"2025-11-21T08:20:47.809Z"}
{"alerts":[{"message":"メモリ使用率が高い: 93.65%","severity":"warning","threshold":90,"timestamp":1763713257807,"type":"memory_high","value":93.65097204726935}],"level":"warn","message":"閾値アラート検出","service":"native-monitoring","timestamp":"2025-11-21T08:20:57.807Z"}
{"alerts":[{"message":"メモリ使用率が高い: 91.33%","severity":"warning","threshold":90,"timestamp":1763713487816,"type":"memory_high","value":91.33454906584699}],"level":"warn","message":"閾値アラート検出","service":"native-monitoring","timestamp":"2025-11-21T08:24:47.816Z"}
{"alerts":[{"message":"メモリ使用率が高い: 93.05%","severity":"warning","threshold":90,"timestamp":1763713497816,"type":"memory_high","value":93.04695157641585}],"level":"warn","message":"閾値アラート検出","service":"native-monitoring","timestamp":"2025-11-21T08:24:57.816Z"}
{"alerts":[{"message":"メモリ使用率が高い: 93.41%","severity":"warning","threshold":90,"timestamp":1763713507818,"type":"memory_high","value":93.40625076149048}],"level":"warn","message":"閾値アラート検出","service":"native-monitoring","timestamp":"2025-11-21T08:25:07.818Z"}
{"alerts":[{"message":"メモリ使用率が高い: 93.33%","severity":"warning","threshold":90,"timestamp":1763713517817,"type":"memory_high","value":93.33240172483501}],"level":"warn","message":"閾値アラート検出","service":"native-monitoring","timestamp":"2025-11-21T08:25:17.817Z"}
{"alerts":[{"message":"メモリ使用率が高い: 93.38%","severity":"warning","threshold":90,"timestamp":1763713527818,"type":"memory_high","value":93.3821317158488}],"level":"warn","message":"閾値アラート検出","service":"native-monitoring","timestamp":"2025-11-21T08:25:27.818Z"}
{"alerts":[{"message":"メモリ使用率が高い: 93.38%","severity":"warning","threshold":90,"timestamp":1763713537820,"type":"memory_high","value":93.37899872641493}],"level":"warn","message":"閾値アラート検出","service":"native-monitoring","timestamp":"2025-11-21T08:25:37.820Z"}
{"alerts":[{"message":"メモリ使用率が高い: 93.40%","severity":"warning","threshold":90,"timestamp":1763713547820,"type":"memory_high","value":93.39779666301814}],"level":"warn","message":"閾値アラート検出","service":"native-monitoring","timestamp":"2025-11-21T08:25:47.820Z"}
{"alerts":[{"message":"メモリ使用率が高い: 93.43%","severity":"warning","threshold":90,"timestamp":1763713557818,"type":"memory_high","value":93.43385090650315}],"level":"warn","message":"閾値アラート検出","service":"native-monitoring","timestamp":"2025-11-21T08:25:57.818Z"}
{"alerts":[{"message":"メモリ使用率が高い: 93.43%","severity":"warning","threshold":90,"timestamp":1763713567818,"type":"memory_high","value":93.42872871742873}],"level":"warn","message":"閾値アラート検出","service":"native-monitoring","timestamp":"2025-11-21T08:26:07.818Z"}
{"alerts":[{"message":"メモリ使用率が高い: 93.44%","severity":"warning","threshold":90,"timestamp":1763713577821,"type":"memory_high","value":93.43603902610775}],"level":"warn","message":"閾値アラート検出","service":"native-monitoring","timestamp":"2025-11-21T08:26:17.821Z"}
{"alerts":[{"message":"メモリ使用率が高い: 93.45%","severity":"warning","threshold":90,"timestamp":1763713587819,"type":"memory_high","value":93.44857098384323}],"level":"warn","message":"閾値アラート検出","service":"native-monitoring","timestamp":"2025-11-21T08:26:27.819Z"}
{"alerts":[{"message":"メモリ使用率が高い: 93.44%","severity":"warning","threshold":90,"timestamp":1763713597818,"type":"memory_high","value":93.44479150452617}],"level":"warn","message":"閾値アラート検出","service":"native-monitoring","timestamp":"2025-11-21T08:26:37.818Z"}
{"alerts":[{"message":"メモリ使用率が高い: 93.44%","severity":"warning","threshold":90,"timestamp":1763713607821,"type":"memory_high","value":93.44444339458909}],"level":"warn","message":"閾値アラート検出","service":"native-monitoring","timestamp":"2025-11-21T08:26:47.821Z"}
{"alerts":[{"message":"メモリ使用率が高い: 93.50%","severity":"warning","threshold":90,"timestamp":1763713617834,"type":"memory_high","value":93.49651069518052}],"level":"warn","message":"閾値アラート検出","service":"native-monitoring","timestamp":"2025-11-21T08:26:57.834Z"}
{"alerts":[{"message":"メモリ使用率が高い: 93.40%","severity":"warning","threshold":90,"timestamp":1763713627820,"type":"memory_high","value":93.40276966211952}],"level":"warn","message":"閾値アラート検出","service":"native-monitoring","timestamp":"2025-11-21T08:27:07.820Z"}
{"alerts":[{"message":"メモリ使用率が高い: 93.40%","severity":"warning","threshold":90,"timestamp":1763713637823,"type":"memory_high","value":93.40257074215546}],"level":"warn","message":"閾値アラート検出","service":"native-monitoring","timestamp":"2025-11-21T08:27:17.823Z"}
{"alerts":[{"message":"メモリ使用率が高い: 93.44%","severity":"warning","threshold":90,"timestamp":1763713647825,"type":"memory_high","value":93.43668551599093}],"level":"warn","message":"閾値アラート検出","service":"native-monitoring","timestamp":"2025-11-21T08:27:27.825Z"}
{"alerts":[{"message":"メモリ使用率が高い: 93.44%","severity":"warning","threshold":90,"timestamp":1763713657827,"type":"memory_high","value":93.43937093550568}],"level":"warn","message":"閾値アラート検出","service":"native-monitoring","timestamp":"2025-11-21T08:27:37.827Z"}
{"alerts":[{"message":"メモリ使用率が高い: 93.47%","severity":"warning","threshold":90,"timestamp":1763713667824,"type":"memory_high","value":93.47050190988031}],"level":"warn","message":"閾値アラート検出","service":"native-monitoring","timestamp":"2025-11-21T08:27:47.824Z"}
{"alerts":[{"message":"メモリ使用率が高い: 93.41%","severity":"warning","threshold":90,"timestamp":1763713677821,"type":"memory_high","value":93.40779239121191}],"level":"warn","message":"閾値アラート検出","service":"native-monitoring","timestamp":"2025-11-21T08:27:57.821Z"}
{"alerts":[{"message":"メモリ使用率が高い: 93.45%","severity":"warning","threshold":90,"timestamp":1763713687822,"type":"memory_high","value":93.44533853442732}],"level":"warn","message":"閾値アラート検出","service":"native-monitoring","timestamp":"2025-11-21T08:28:07.822Z"}
